#
# There is insufficient memory for the Java Runtime Environment to continue.
# Native memory allocation (malloc) failed to allocate 1749456 bytes for Chunk::new
# Possible reasons:
#   The system is out of physical RAM or swap space
#   In 32 bit mode, the process size limit was hit
# Possible solutions:
#   Reduce memory load on the system
#   Increase physical memory or swap space
#   Check if swap backing store is full
#   Use 64 bit Java on a 64 bit OS
#   Decrease Java heap size (-Xmx/-Xms)
#   Decrease number of Java threads
#   Decrease Java thread stack sizes (-Xss)
#   Set larger code cache with -XX:ReservedCodeCacheSize=
# This output file may be truncated or incomplete.
#
#  Out of Memory Error (allocation.cpp:390), pid=12140, tid=0x000000000000131c
#
# JRE version: OpenJDK Runtime Environment (8.0_152-b01) (build 1.8.0_152-release-915-b01)
# Java VM: OpenJDK 64-Bit Server VM (25.152-b01 mixed mode windows-amd64 compressed oops)
# Failed to write core dump. Minidumps are not enabled by default on client versions of Windows
#

---------------  T H R E A D  ---------------

Current thread (0x0000000018d41000):  JavaThread "C2 CompilerThread1" daemon [_thread_in_native, id=4892, stack(0x000000001a4b0000,0x000000001a5b0000)]

Stack: [0x000000001a4b0000,0x000000001a5b0000]
[error occurred during error reporting (printing stack bounds), id 0xc0000005]

Native frames: (J=compiled Java code, j=interpreted, Vv=VM code, C=native code)


Current CompileTask:
C2:   3682 2513       4       groovy.lang.MetaClassImpl$1MOPIter::methodNameAction (479 bytes)


---------------  P R O C E S S  ---------------

Java Threads: ( => current thread )
  0x000000001f090000 JavaThread "Cache worker for Artifact transforms cache (C:\Users\Ahriman\.gradle\caches\transforms-1)" [_thread_blocked, id=4420, stack(0x00000000215c0000,0x00000000216c0000)]
  0x000000001c3d7000 JavaThread "Cache worker for file hash cache (C:\Users\Ahriman\AndroidStudioProjects\Top\.gradle\4.1\fileHashes)" [_thread_blocked, id=9644, stack(0x000000001eba0000,0x000000001eca0000)]
  0x000000001c470000 JavaThread "File lock request listener" [_thread_in_native, id=13580, stack(0x000000001eaa0000,0x000000001eba0000)]
  0x000000001c46f000 JavaThread "Cache worker for file hash cache (C:\Users\Ahriman\.gradle\caches\4.1\fileHashes)" [_thread_blocked, id=3184, stack(0x000000001e7a0000,0x000000001e8a0000)]
  0x000000001c3d8800 JavaThread "Stdin handler" [_thread_blocked, id=1860, stack(0x000000001e6a0000,0x000000001e7a0000)]
  0x000000001c3db800 JavaThread "Asynchronous log dispatcher for DefaultDaemonConnection: socket connection from /127.0.0.1:52964 to /127.0.0.1:52965" [_thread_blocked, id=8368, stack(0x000000001e5a0000,0x000000001e6a0000)]
  0x000000001bbeb000 JavaThread "Daemon worker" [_thread_in_Java, id=9004, stack(0x000000001e4a0000,0x000000001e5a0000)]
  0x000000001bce9000 JavaThread "Cancel handler" [_thread_blocked, id=7240, stack(0x000000001e3a0000,0x000000001e4a0000)]
  0x000000001c02f800 JavaThread "Handler for socket connection from /127.0.0.1:52964 to /127.0.0.1:52965" [_thread_in_native, id=7232, stack(0x000000001e0a0000,0x000000001e1a0000)]
  0x000000001c02f000 JavaThread "Daemon" [_thread_blocked, id=5608, stack(0x000000001dfa0000,0x000000001e0a0000)]
  0x000000001bd51800 JavaThread "Daemon periodic checks" [_thread_blocked, id=3552, stack(0x000000001dea0000,0x000000001dfa0000)]
  0x000000001bd50800 JavaThread "Incoming local TCP Connector on port 52964" [_thread_in_native, id=9716, stack(0x000000001c480000,0x000000001c580000)]
  0x000000001a6d8800 JavaThread "Service Thread" daemon [_thread_blocked, id=1716, stack(0x000000001aab0000,0x000000001abb0000)]
  0x0000000018d44000 JavaThread "C1 CompilerThread2" daemon [_thread_blocked, id=8344, stack(0x000000001a5b0000,0x000000001a6b0000)]
=>0x0000000018d41000 JavaThread "C2 CompilerThread1" daemon [_thread_in_native, id=4892, stack(0x000000001a4b0000,0x000000001a5b0000)]
  0x0000000018d3e000 JavaThread "C2 CompilerThread0" daemon [_thread_blocked, id=8284, stack(0x000000001a3b0000,0x000000001a4b0000)]
  0x0000000018d3d000 JavaThread "Attach Listener" daemon [_thread_blocked, id=6988, stack(0x000000001a2b0000,0x000000001a3b0000)]
  0x0000000018d37800 JavaThread "Signal Dispatcher" daemon [_thread_blocked, id=6592, stack(0x000000001a1b0000,0x000000001a2b0000)]
  0x00000000053cc000 JavaThread "Finalizer" daemon [_thread_blocked, id=6992, stack(0x0000000019fa0000,0x000000001a0a0000)]
  0x00000000053c1000 JavaThread "Reference Handler" daemon [_thread_blocked, id=9280, stack(0x0000000019ea0000,0x0000000019fa0000)]
  0x00000000052cd800 JavaThread "main" [_thread_blocked, id=5460, stack(0x0000000005120000,0x0000000005220000)]

Other Threads:
  0x0000000018d06800 VMThread [stack: 0x0000000019da0000,0x0000000019ea0000] [id=4052]
  0x0000000018d9c000 WatcherThread [stack: 0x000000001abb0000,0x000000001acb0000] [id=10000]

VM state:not at safepoint (normal execution)

VM Mutex/Monitor currently owned by a thread: None

Heap:
 PSYoungGen      total 71680K, used 66174K [0x00000000e0000000, 0x00000000e7480000, 0x0000000100000000)
  eden space 66560K, 91% used [0x00000000e0000000,0x00000000e3ba4ca0,0x00000000e4100000)
  from space 5120K, 99% used [0x00000000e4100000,0x00000000e45fadc8,0x00000000e4600000)
  to   space 9728K, 0% used [0x00000000e6b00000,0x00000000e6b00000,0x00000000e7480000)
 ParOldGen       total 64000K, used 10498K [0x00000000a0000000, 0x00000000a3e80000, 0x00000000e0000000)
  object space 64000K, 16% used [0x00000000a0000000,0x00000000a0a409f8,0x00000000a3e80000)
 Metaspace       used 31121K, capacity 31830K, committed 32000K, reserved 1077248K
  class space    used 4294K, capacity 4552K, committed 4608K, reserved 1048576K

Card table byte_map: [0x0000000014790000,0x0000000014aa0000] byte_map_base: 0x0000000014290000

Marking Bits: (ParMarkBitMap*) 0x00000000575e3950
 Begin Bits: [0x00000000150a0000, 0x00000000168a0000)
 End Bits:   [0x00000000168a0000, 0x00000000180a0000)

Polling page: 0x0000000003330000

CodeCache: size=245760Kb used=11002Kb max_used=11013Kb free=234757Kb
 bounds [0x00000000053d0000, 0x0000000005ea0000, 0x00000000143d0000]
 total_blobs=3429 nmethods=2769 adapters=573
 compilation: enabled

Compilation events (10 events):
Event: 3.677 Thread 0x0000000018d44000 2771       3       com.sun.org.apache.xerces.internal.impl.dtd.XMLDTDValidator::startNamespaceScope (1 bytes)
Event: 3.677 Thread 0x0000000018d44000 nmethod 2771 0x0000000005e720d0 code [0x0000000005e72220, 0x0000000005e72370]
Event: 3.677 Thread 0x0000000018d44000 2773       3       com.sun.org.apache.xerces.internal.impl.dtd.XMLDTDValidator::handleEndElement (379 bytes)
Event: 3.678 Thread 0x0000000018d44000 nmethod 2773 0x0000000005e91550 code [0x0000000005e91840, 0x0000000005e92e68]
Event: 3.678 Thread 0x0000000018d44000 2776       1       org.gradle.api.internal.artifacts.DefaultModuleVersionSelector::getVersion (5 bytes)
Event: 3.678 Thread 0x0000000018d44000 nmethod 2776 0x0000000005e76b90 code [0x0000000005e76ce0, 0x0000000005e76df0]
Event: 3.678 Thread 0x0000000018d44000 2774       1       com.google.common.collect.RegularImmutableList::size (5 bytes)
Event: 3.678 Thread 0x0000000018d44000 nmethod 2774 0x0000000005e768d0 code [0x0000000005e76a20, 0x0000000005e76b30]
Event: 3.680 Thread 0x0000000018d3e000 2777       4       java.lang.CharacterDataLatin1::digit (91 bytes)
Event: 3.680 Thread 0x0000000018d3e000 nmethod 2777 0x0000000005e76490 code [0x0000000005e765e0, 0x0000000005e766f8]

GC Heap History (10 events):
Event: 1.431 GC heap before
{Heap before GC invocations=2 (full 0):
 PSYoungGen      total 38400K, used 37686K [0x00000000e0000000, 0x00000000e2a80000, 0x0000000100000000)
  eden space 33280K, 100% used [0x00000000e0000000,0x00000000e2080000,0x00000000e2080000)
  from space 5120K, 86% used [0x00000000e2080000,0x00000000e24cdba8,0x00000000e2580000)
  to   space 5120K, 0% used [0x00000000e2580000,0x00000000e2580000,0x00000000e2a80000)
 ParOldGen       total 87552K, used 8K [0x00000000a0000000, 0x00000000a5580000, 0x00000000e0000000)
  object space 87552K, 0% used [0x00000000a0000000,0x00000000a0002000,0x00000000a5580000)
 Metaspace       used 12241K, capacity 12684K, committed 12800K, reserved 1060864K
  class space    used 1627K, capacity 1770K, committed 1792K, reserved 1048576K
Event: 1.435 GC heap after
Heap after GC invocations=2 (full 0):
 PSYoungGen      total 38400K, used 5112K [0x00000000e0000000, 0x00000000e2a80000, 0x0000000100000000)
  eden space 33280K, 0% used [0x00000000e0000000,0x00000000e0000000,0x00000000e2080000)
  from space 5120K, 99% used [0x00000000e2580000,0x00000000e2a7e000,0x00000000e2a80000)
  to   space 5120K, 0% used [0x00000000e2080000,0x00000000e2080000,0x00000000e2580000)
 ParOldGen       total 87552K, used 858K [0x00000000a0000000, 0x00000000a5580000, 0x00000000e0000000)
  object space 87552K, 0% used [0x00000000a0000000,0x00000000a00d6908,0x00000000a5580000)
 Metaspace       used 12241K, capacity 12684K, committed 12800K, reserved 1060864K
  class space    used 1627K, capacity 1770K, committed 1792K, reserved 1048576K
}
Event: 1.734 GC heap before
{Heap before GC invocations=3 (full 0):
 PSYoungGen      total 38400K, used 38392K [0x00000000e0000000, 0x00000000e2a80000, 0x0000000100000000)
  eden space 33280K, 100% used [0x00000000e0000000,0x00000000e2080000,0x00000000e2080000)
  from space 5120K, 99% used [0x00000000e2580000,0x00000000e2a7e000,0x00000000e2a80000)
  to   space 5120K, 0% used [0x00000000e2080000,0x00000000e2080000,0x00000000e2580000)
 ParOldGen       total 87552K, used 858K [0x00000000a0000000, 0x00000000a5580000, 0x00000000e0000000)
  object space 87552K, 0% used [0x00000000a0000000,0x00000000a00d6908,0x00000000a5580000)
 Metaspace       used 15572K, capacity 15984K, committed 16256K, reserved 1062912K
  class space    used 2193K, capacity 2316K, committed 2432K, reserved 1048576K
Event: 1.740 GC heap after
Heap after GC invocations=3 (full 0):
 PSYoungGen      total 38400K, used 5114K [0x00000000e0000000, 0x00000000e4b00000, 0x0000000100000000)
  eden space 33280K, 0% used [0x00000000e0000000,0x00000000e0000000,0x00000000e2080000)
  from space 5120K, 99% used [0x00000000e2080000,0x00000000e257e8e8,0x00000000e2580000)
  to   space 5120K, 0% used [0x00000000e4600000,0x00000000e4600000,0x00000000e4b00000)
 ParOldGen       total 87552K, used 3685K [0x00000000a0000000, 0x00000000a5580000, 0x00000000e0000000)
  object space 87552K, 4% used [0x00000000a0000000,0x00000000a0399498,0x00000000a5580000)
 Metaspace       used 15572K, capacity 15984K, committed 16256K, reserved 1062912K
  class space    used 2193K, capacity 2316K, committed 2432K, reserved 1048576K
}
Event: 2.215 GC heap before
{Heap before GC invocations=4 (full 0):
 PSYoungGen      total 38400K, used 33868K [0x00000000e0000000, 0x00000000e4b00000, 0x0000000100000000)
  eden space 33280K, 86% used [0x00000000e0000000,0x00000000e1c14978,0x00000000e2080000)
  from space 5120K, 99% used [0x00000000e2080000,0x00000000e257e8e8,0x00000000e2580000)
  to   space 5120K, 0% used [0x00000000e4600000,0x00000000e4600000,0x00000000e4b00000)
 ParOldGen       total 87552K, used 3685K [0x00000000a0000000, 0x00000000a5580000, 0x00000000e0000000)
  object space 87552K, 4% used [0x00000000a0000000,0x00000000a0399498,0x00000000a5580000)
 Metaspace       used 20680K, capacity 21124K, committed 21248K, reserved 1067008K
  class space    used 2857K, capacity 3039K, committed 3072K, reserved 1048576K
Event: 2.222 GC heap after
Heap after GC invocations=4 (full 0):
 PSYoungGen      total 71680K, used 5104K [0x00000000e0000000, 0x00000000e4b00000, 0x0000000100000000)
  eden space 66560K, 0% used [0x00000000e0000000,0x00000000e0000000,0x00000000e4100000)
  from space 5120K, 99% used [0x00000000e4600000,0x00000000e4afc040,0x00000000e4b00000)
  to   space 5120K, 0% used [0x00000000e4100000,0x00000000e4100000,0x00000000e4600000)
 ParOldGen       total 87552K, used 7520K [0x00000000a0000000, 0x00000000a5580000, 0x00000000e0000000)
  object space 87552K, 8% used [0x00000000a0000000,0x00000000a0758040,0x00000000a5580000)
 Metaspace       used 20680K, capacity 21124K, committed 21248K, reserved 1067008K
  class space    used 2857K, capacity 3039K, committed 3072K, reserved 1048576K
}
Event: 2.222 GC heap before
{Heap before GC invocations=5 (full 1):
 PSYoungGen      total 71680K, used 5104K [0x00000000e0000000, 0x00000000e4b00000, 0x0000000100000000)
  eden space 66560K, 0% used [0x00000000e0000000,0x00000000e0000000,0x00000000e4100000)
  from space 5120K, 99% used [0x00000000e4600000,0x00000000e4afc040,0x00000000e4b00000)
  to   space 5120K, 0% used [0x00000000e4100000,0x00000000e4100000,0x00000000e4600000)
 ParOldGen       total 87552K, used 7520K [0x00000000a0000000, 0x00000000a5580000, 0x00000000e0000000)
  object space 87552K, 8% used [0x00000000a0000000,0x00000000a0758040,0x00000000a5580000)
 Metaspace       used 20680K, capacity 21124K, committed 21248K, reserved 1067008K
  class space    used 2857K, capacity 3039K, committed 3072K, reserved 1048576K
Event: 2.247 GC heap after
Heap after GC invocations=5 (full 1):
 PSYoungGen      total 71680K, used 0K [0x00000000e0000000, 0x00000000e4b00000, 0x0000000100000000)
  eden space 66560K, 0% used [0x00000000e0000000,0x00000000e0000000,0x00000000e4100000)
  from space 5120K, 0% used [0x00000000e4600000,0x00000000e4600000,0x00000000e4b00000)
  to   space 5120K, 0% used [0x00000000e4100000,0x00000000e4100000,0x00000000e4600000)
 ParOldGen       total 64000K, used 8724K [0x00000000a0000000, 0x00000000a3e80000, 0x00000000e0000000)
  object space 64000K, 13% used [0x00000000a0000000,0x00000000a0885210,0x00000000a3e80000)
 Metaspace       used 20680K, capacity 21124K, committed 21248K, reserved 1067008K
  class space    used 2857K, capacity 3039K, committed 3072K, reserved 1048576K
}
Event: 2.978 GC heap before
{Heap before GC invocations=6 (full 1):
 PSYoungGen      total 71680K, used 66530K [0x00000000e0000000, 0x00000000e4b00000, 0x0000000100000000)
  eden space 66560K, 99% used [0x00000000e0000000,0x00000000e40f8848,0x00000000e4100000)
  from space 5120K, 0% used [0x00000000e4600000,0x00000000e4600000,0x00000000e4b00000)
  to   space 5120K, 0% used [0x00000000e4100000,0x00000000e4100000,0x00000000e4600000)
 ParOldGen       total 64000K, used 8724K [0x00000000a0000000, 0x00000000a3e80000, 0x00000000e0000000)
  object space 64000K, 13% used [0x00000000a0000000,0x00000000a0885210,0x00000000a3e80000)
 Metaspace       used 25679K, capacity 26182K, committed 26368K, reserved 1071104K
  class space    used 3535K, capacity 3714K, committed 3840K, reserved 1048576K
Event: 2.986 GC heap after
Heap after GC invocations=6 (full 1):
 PSYoungGen      total 71680K, used 5099K [0x00000000e0000000, 0x00000000e7480000, 0x0000000100000000)
  eden space 66560K, 0% used [0x00000000e0000000,0x00000000e0000000,0x00000000e4100000)
  from space 5120K, 99% used [0x00000000e4100000,0x00000000e45fadc8,0x00000000e4600000)
  to   space 9728K, 0% used [0x00000000e6b00000,0x00000000e6b00000,0x00000000e7480000)
 ParOldGen       total 64000K, used 10498K [0x00000000a0000000, 0x00000000a3e80000, 0x00000000e0000000)
  object space 64000K, 16% used [0x00000000a0000000,0x00000000a0a409f8,0x00000000a3e80000)
 Metaspace       used 25679K, capacity 26182K, committed 26368K, reserved 1071104K
  class space    used 3535K, capacity 3714K, committed 3840K, reserved 1048576K
}

Deoptimization events (10 events):
Event: 3.162 Thread 0x000000001bbeb000 Uncommon trap: reason=class_check action=maybe_recompile pc=0x0000000005964900 method=java.lang.reflect.Method.equals(Ljava/lang/Object;)Z @ 5
Event: 3.206 Thread 0x000000001bbeb000 Uncommon trap: reason=unstable_if action=reinterpret pc=0x0000000005660db0 method=java.util.LinkedHashMap.afterNodeInsertion(Z)V @ 1
Event: 3.221 Thread 0x000000001bbeb000 Uncommon trap: reason=class_check action=maybe_recompile pc=0x0000000005964900 method=java.lang.reflect.Method.equals(Ljava/lang/Object;)Z @ 5
Event: 3.221 Thread 0x000000001bbeb000 Uncommon trap: reason=class_check action=maybe_recompile pc=0x0000000005964900 method=java.lang.reflect.Method.equals(Ljava/lang/Object;)Z @ 5
Event: 3.248 Thread 0x000000001bbeb000 Uncommon trap: reason=unstable_if action=reinterpret pc=0x0000000005c93f80 method=java.net.URLClassLoader.isSealed(Ljava/lang/String;Ljava/util/jar/Manifest;)Z @ 26
Event: 3.304 Thread 0x000000001bbeb000 Uncommon trap: reason=bimorphic action=maybe_recompile pc=0x0000000005b6ae50 method=org.codehaus.groovy.runtime.metaclass.MetaMethodIndex.addMethodToList(Ljava/lang/Object;Lgroovy/lang/MetaMethod;)Ljava/lang/Object; @ 96
Event: 3.412 Thread 0x000000001bbeb000 Uncommon trap: reason=range_check action=make_not_entrant pc=0x0000000005d2d5dc method=java.lang.String.charAt(I)C @ 27
Event: 3.437 Thread 0x000000001bbeb000 Uncommon trap: reason=unstable_if action=reinterpret pc=0x0000000005b0b860 method=java.net.URI.match(CJJ)Z @ 45
Event: 3.471 Thread 0x000000001bbeb000 Uncommon trap: reason=unstable_if action=reinterpret pc=0x0000000005c10bf8 method=java.util.regex.Pattern.has(I)Z @ 6
Event: 3.672 Thread 0x000000001bbeb000 Uncommon trap: reason=unstable_if action=reinterpret pc=0x0000000005bdcba8 method=java.util.regex.Pattern$BmpCharProperty.match(Ljava/util/regex/Matcher;ILjava/lang/CharSequence;)Z @ 34

Classes redefined (0 events):
No events

Internal exceptions (10 events):
Event: 3.344 Thread 0x000000001bbeb000 Exception <a 'java/lang/ClassNotFoundException': java/util/ArrayListBeanInfo> (0x00000000e25e5a70) thrown at [D:\src\AOSP-openjdk-cygwin\jdk8u\hotspot\src\share\vm\classfile\systemDictionary.cpp, line 210]
Event: 3.344 Thread 0x000000001bbeb000 Exception <a 'java/lang/ClassNotFoundException': java/util/AbstractListBeanInfo> (0x00000000e25ed198) thrown at [D:\src\AOSP-openjdk-cygwin\jdk8u\hotspot\src\share\vm\classfile\systemDictionary.cpp, line 210]
Event: 3.344 Thread 0x000000001bbeb000 Exception <a 'java/lang/ClassNotFoundException': java/util/AbstractListCustomizer> (0x00000000e25f4c78) thrown at [D:\src\AOSP-openjdk-cygwin\jdk8u\hotspot\src\share\vm\classfile\systemDictionary.cpp, line 210]
Event: 3.344 Thread 0x000000001bbeb000 Exception <a 'java/lang/ClassNotFoundException': java/util/ArrayListCustomizer> (0x00000000e260a3c0) thrown at [D:\src\AOSP-openjdk-cygwin\jdk8u\hotspot\src\share\vm\classfile\systemDictionary.cpp, line 210]
Event: 3.347 Thread 0x000000001bbeb000 Exception <a 'java/lang/ClassNotFoundException': java/util/CollectionBeanInfo> (0x00000000e264bfc0) thrown at [D:\src\AOSP-openjdk-cygwin\jdk8u\hotspot\src\share\vm\classfile\systemDictionary.cpp, line 210]
Event: 3.347 Thread 0x000000001bbeb000 Exception <a 'java/lang/ClassNotFoundException': java/util/CollectionCustomizer> (0x00000000e2653678) thrown at [D:\src\AOSP-openjdk-cygwin\jdk8u\hotspot\src\share\vm\classfile\systemDictionary.cpp, line 210]
Event: 3.403 Thread 0x000000001bbeb000 Exception <a 'java/lang/ClassNotFoundException': build_c3ngcrebwxzszsc443byq6mmgBeanInfo> (0x00000000e2bee9e8) thrown at [D:\src\AOSP-openjdk-cygwin\jdk8u\hotspot\src\share\vm\classfile\systemDictionary.cpp, line 210]
Event: 3.403 Thread 0x000000001bbeb000 Exception <a 'java/lang/ClassNotFoundException': org/gradle/api/internal/project/ProjectScriptBeanInfo> (0x00000000e2c004f8) thrown at [D:\src\AOSP-openjdk-cygwin\jdk8u\hotspot\src\share\vm\classfile\systemDictionary.cpp, line 210]
Event: 3.403 Thread 0x000000001bbeb000 Exception <a 'java/lang/ClassNotFoundException': org/gradle/api/internal/project/ProjectScriptCustomizer> (0x00000000e2c12610) thrown at [D:\src\AOSP-openjdk-cygwin\jdk8u\hotspot\src\share\vm\classfile\systemDictionary.cpp, line 210]
Event: 3.404 Thread 0x000000001bbeb000 Exception <a 'java/lang/ClassNotFoundException': build_c3ngcrebwxzszsc443byq6mmgCustomizer> (0x00000000e2c30b10) thrown at [D:\src\AOSP-openjdk-cygwin\jdk8u\hotspot\src\share\vm\classfile\systemDictionary.cpp, line 210]

Events (10 events):
Event: 3.583 loading class org/gradle/api/internal/artifacts/ivyservice/ivyresolve/RepositoryChainComponentMetaDataResolver$1 done
Event: 3.584 loading class org/gradle/api/internal/artifacts/ivyservice/ivyresolve/RepositoryChainModuleResolution
Event: 3.584 loading class org/gradle/api/internal/artifacts/ivyservice/ivyresolve/RepositoryChainModuleResolution done
Event: 3.584 loading class org/gradle/api/internal/artifacts/ivyservice/ivyresolve/RepositoryChainModuleSource
Event: 3.584 loading class org/gradle/api/internal/artifacts/ivyservice/ivyresolve/RepositoryChainModuleSource done
Event: 3.605 loading class org/gradle/internal/component/external/descriptor/DefaultExclude
Event: 3.605 loading class org/gradle/internal/component/external/descriptor/DefaultExclude done
Event: 3.672 Thread 0x000000001bbeb000 Uncommon trap: trap_request=0xffffff65 fr.pc=0x0000000005bdcba8
Event: 3.672 Thread 0x000000001bbeb000 DEOPT PACKING pc=0x0000000005bdcba8 sp=0x000000001e59b0f0
Event: 3.672 Thread 0x000000001bbeb000 DEOPT UNPACKING pc=0x000000000541556a sp=0x000000001e59b0c8 mode 2


Dynamic libraries:
0x00007ff750230000 - 0x00007ff750261000 	C:\Program Files\Android\Android Studio\jre\bin\java.exe
0x00007fffdfa90000 - 0x00007fffdfc70000 	C:\Windows\SYSTEM32\ntdll.dll
0x00007fffde070000 - 0x00007fffde11e000 	C:\Windows\System32\KERNEL32.DLL
0x00007fffdc250000 - 0x00007fffdc4b6000 	C:\Windows\System32\KERNELBASE.dll
0x00007fffdd6d0000 - 0x00007fffdd771000 	C:\Windows\System32\ADVAPI32.dll
0x00007fffde2c0000 - 0x00007fffde35d000 	C:\Windows\System32\msvcrt.dll
0x00007fffde380000 - 0x00007fffde3db000 	C:\Windows\System32\sechost.dll
0x00007fffdd820000 - 0x00007fffdd93f000 	C:\Windows\System32\RPCRT4.dll
0x00007fffdcf60000 - 0x00007fffdd0ef000 	C:\Windows\System32\USER32.dll
0x00007fffdcf40000 - 0x00007fffdcf60000 	C:\Windows\System32\win32u.dll
0x00007fffdd240000 - 0x00007fffdd268000 	C:\Windows\System32\GDI32.dll
0x00007fffdc0b0000 - 0x00007fffdc243000 	C:\Windows\System32\gdi32full.dll
0x00007fffdbe90000 - 0x00007fffdbf2b000 	C:\Windows\System32\msvcp_win.dll
0x00007fffdbf30000 - 0x00007fffdc026000 	C:\Windows\System32\ucrtbase.dll
0x00007fffcfc30000 - 0x00007fffcfe99000 	C:\Windows\WinSxS\amd64_microsoft.windows.common-controls_6595b64144ccf1df_6.0.16299.192_none_15c8cdae9364c23b\COMCTL32.dll
0x00007fffdd940000 - 0x00007fffddc48000 	C:\Windows\System32\combase.dll
0x00007fffdc030000 - 0x00007fffdc0a2000 	C:\Windows\System32\bcryptPrimitives.dll
0x00007fffddc60000 - 0x00007fffddc8d000 	C:\Windows\System32\IMM32.DLL
0x0000000058620000 - 0x00000000586f2000 	C:\Program Files\Android\Android Studio\jre\jre\bin\msvcr100.dll
0x0000000056e20000 - 0x000000005765e000 	C:\Program Files\Android\Android Studio\jre\jre\bin\server\jvm.dll
0x00007fffde120000 - 0x00007fffde128000 	C:\Windows\System32\PSAPI.DLL
0x00007fffc65e0000 - 0x00007fffc65e9000 	C:\Windows\SYSTEM32\WSOCK32.dll
0x00007fffd6150000 - 0x00007fffd615a000 	C:\Windows\SYSTEM32\VERSION.dll
0x00007fffd8c20000 - 0x00007fffd8c43000 	C:\Windows\SYSTEM32\WINMM.dll
0x00007fffde000000 - 0x00007fffde06c000 	C:\Windows\System32\WS2_32.dll
0x00007fffd8bc0000 - 0x00007fffd8bea000 	C:\Windows\SYSTEM32\winmmbase.dll
0x00007fffdc7a0000 - 0x00007fffdc7ea000 	C:\Windows\System32\cfgmgr32.dll
0x00007fffd3eb0000 - 0x00007fffd3ebf000 	C:\Program Files\Android\Android Studio\jre\jre\bin\verify.dll
0x00007fffc7dc0000 - 0x00007fffc7de9000 	C:\Program Files\Android\Android Studio\jre\jre\bin\java.dll
0x00007fffcefb0000 - 0x00007fffcefc6000 	C:\Program Files\Android\Android Studio\jre\jre\bin\zip.dll
0x00007fffde620000 - 0x00007fffdfa56000 	C:\Windows\System32\SHELL32.dll
0x00007fffde3e0000 - 0x00007fffde486000 	C:\Windows\System32\shcore.dll
0x00007fffdc7f0000 - 0x00007fffdcf37000 	C:\Windows\System32\windows.storage.dll
0x00007fffde490000 - 0x00007fffde4e1000 	C:\Windows\System32\shlwapi.dll
0x00007fffdbe20000 - 0x00007fffdbe31000 	C:\Windows\System32\kernel.appcore.dll
0x00007fffdbe40000 - 0x00007fffdbe8c000 	C:\Windows\System32\powrprof.dll
0x00007fffdbe00000 - 0x00007fffdbe1b000 	C:\Windows\System32\profapi.dll
0x00007fffced00000 - 0x00007fffced1a000 	C:\Program Files\Android\Android Studio\jre\jre\bin\net.dll
0x00007fffdb670000 - 0x00007fffdb6d6000 	C:\Windows\system32\mswsock.dll
0x00007fffcda20000 - 0x00007fffcda31000 	C:\Program Files\Android\Android Studio\jre\jre\bin\nio.dll
0x00007fffb9c00000 - 0x00007fffb9c1e000 	C:\Users\Ahriman\.gradle\native\25\windows-amd64\native-platform.dll
0x00007fffd3dd0000 - 0x00007fffd3ddd000 	C:\Program Files\Android\Android Studio\jre\jre\bin\management.dll
0x00007fffdb830000 - 0x00007fffdb847000 	C:\Windows\SYSTEM32\CRYPTSP.dll
0x00007fffdb280000 - 0x00007fffdb2b3000 	C:\Windows\system32\rsaenh.dll
0x00007fffdb940000 - 0x00007fffdb965000 	C:\Windows\SYSTEM32\bcrypt.dll
0x00007fffdbce0000 - 0x00007fffdbd09000 	C:\Windows\SYSTEM32\USERENV.dll
0x00007fffdb850000 - 0x00007fffdb85b000 	C:\Windows\SYSTEM32\CRYPTBASE.dll
0x00007fffdb400000 - 0x00007fffdb439000 	C:\Windows\SYSTEM32\IPHLPAPI.DLL
0x00007fffddc50000 - 0x00007fffddc58000 	C:\Windows\System32\NSI.dll
0x00007fffd6130000 - 0x00007fffd6146000 	C:\Windows\SYSTEM32\dhcpcsvc6.DLL
0x00007fffd6110000 - 0x00007fffd612a000 	C:\Windows\SYSTEM32\dhcpcsvc.DLL

VM Arguments:
jvm_args: -Xmx1536m -Dfile.encoding=windows-1252 -Duser.country=ES -Duser.language=es -Duser.variant 
java_command: org.gradle.launcher.daemon.bootstrap.GradleDaemon 4.1
java_class_path (initial): C:\Users\Ahriman\.gradle\wrapper\dists\gradle-4.1-all\bzyivzo6n839fup2jbap0tjew\gradle-4.1\lib\gradle-launcher-4.1.jar
Launcher Type: SUN_STANDARD

Environment Variables:
PATH=C:\Python27\;C:\Python27\Scripts;C:\ProgramData\Oracle\Java\javapath;C:\Windows\system32;C:\Windows;C:\Windows\System32\Wbem;C:\Windows\System32\WindowsPowerShell\v1.0\;C:\Program Files (x86)\NVIDIA Corporation\PhysX\Common;C:\Program Files\Calibre2\;C:\Users\Ahriman\AppData\Local\Microsoft\WindowsApps;C:\Users\Ahriman\AppData\Local\atom\bin
USERNAME=Ahriman
OS=Windows_NT
PROCESSOR_IDENTIFIER=Intel64 Family 6 Model 58 Stepping 9, GenuineIntel



---------------  S Y S T E M  ---------------

OS: Windows 10.0 , 64 bit Build 16299 (10.0.16299.15)

CPU:total 4 (initial active 4) (4 cores per cpu, 1 threads per core) family 6 model 58 stepping 9, cmov, cx8, fxsr, mmx, sse, sse2, sse3, ssse3, sse4.1, sse4.2, popcnt, avx, aes, clmul, erms, tsc, tscinvbit, tscinv

Memory: 4k page, physical 8324280k(1784856k free), swap 8324280k(3784k free)

vm_info: OpenJDK 64-Bit Server VM (25.152-b01) for windows-amd64 JRE (1.8.0_152-release-915-b01), built by "builder" with MS VC++ 10.0 (VS2010)

time: Wed Feb 07 19:31:40 2018
elapsed time: 3 seconds (0d 0h 0m 3s)

