#
# There is insufficient memory for the Java Runtime Environment to continue.
# Native memory allocation (malloc) failed to allocate 1077456 bytes for Chunk::new
# Possible reasons:
#   The system is out of physical RAM or swap space
#   In 32 bit mode, the process size limit was hit
# Possible solutions:
#   Reduce memory load on the system
#   Increase physical memory or swap space
#   Check if swap backing store is full
#   Use 64 bit Java on a 64 bit OS
#   Decrease Java heap size (-Xmx/-Xms)
#   Decrease number of Java threads
#   Decrease Java thread stack sizes (-Xss)
#   Set larger code cache with -XX:ReservedCodeCacheSize=
# This output file may be truncated or incomplete.
#
#  Out of Memory Error (allocation.cpp:390), pid=12452, tid=0x0000000000000d1c
#
# JRE version: OpenJDK Runtime Environment (8.0_152-b01) (build 1.8.0_152-release-915-b01)
# Java VM: OpenJDK 64-Bit Server VM (25.152-b01 mixed mode windows-amd64 compressed oops)
# Failed to write core dump. Minidumps are not enabled by default on client versions of Windows
#

---------------  T H R E A D  ---------------

Current thread (0x0000000018022000):  JavaThread "C2 CompilerThread1" daemon [_thread_in_native, id=3356, stack(0x0000000019790000,0x0000000019890000)]

Stack: [0x0000000019790000,0x0000000019890000]
[error occurred during error reporting (printing stack bounds), id 0xc0000005]

Native frames: (J=compiled Java code, j=interpreted, Vv=VM code, C=native code)


Current CompileTask:
C2:   9540 6757       4       org.codehaus.groovy.runtime.metaclass.MetaMethodIndex::addMethodToList (298 bytes)


---------------  P R O C E S S  ---------------

Java Threads: ( => current thread )
  0x000000001ad24800 JavaThread "Memory manager" [_thread_blocked, id=10636, stack(0x00000000225d0000,0x00000000226d0000)]
  0x000000001ad2a000 JavaThread "build operations Thread 4" [_thread_blocked, id=7216, stack(0x00000000221d0000,0x00000000222d0000)]
  0x000000001ad28800 JavaThread "build operations Thread 3" [_thread_blocked, id=4100, stack(0x00000000220d0000,0x00000000221d0000)]
  0x000000001ad27000 JavaThread "build operations Thread 2" [_thread_blocked, id=11112, stack(0x0000000021fd0000,0x00000000220d0000)]
  0x000000001ad26000 JavaThread "build operations" [_thread_blocked, id=7072, stack(0x0000000020690000,0x0000000020790000)]
  0x000000001aed1800 JavaThread "Cache worker for Artifact transforms cache (C:\Users\Ahriman\.gradle\caches\transforms-1)" [_thread_blocked, id=9620, stack(0x00000000200f0000,0x00000000201f0000)]
  0x000000001b4cc000 JavaThread "Cache worker for file hash cache (C:\Users\Ahriman\AndroidStudioProjects\Top\.gradle\4.1\fileHashes)" [_thread_blocked, id=10560, stack(0x000000001de50000,0x000000001df50000)]
  0x000000001b478800 JavaThread "File lock request listener" [_thread_in_native, id=8560, stack(0x000000001dd50000,0x000000001de50000)]
  0x000000001b44e800 JavaThread "Cache worker for file hash cache (C:\Users\Ahriman\.gradle\caches\4.1\fileHashes)" [_thread_blocked, id=9020, stack(0x000000001da50000,0x000000001db50000)]
  0x000000001b2a5000 JavaThread "Stdin handler" [_thread_blocked, id=11312, stack(0x000000001d950000,0x000000001da50000)]
  0x000000001b2a4000 JavaThread "Asynchronous log dispatcher for DefaultDaemonConnection: socket connection from /127.0.0.1:53078 to /127.0.0.1:53079" [_thread_blocked, id=4384, stack(0x000000001d850000,0x000000001d950000)]
  0x000000001ac01800 JavaThread "Daemon worker" [_thread_in_vm, id=4636, stack(0x000000001d750000,0x000000001d850000)]
  0x000000001ac00800 JavaThread "Cancel handler" [_thread_blocked, id=10404, stack(0x000000001d650000,0x000000001d750000)]
  0x000000001add8800 JavaThread "Handler for socket connection from /127.0.0.1:53078 to /127.0.0.1:53079" [_thread_in_native, id=10380, stack(0x000000001d350000,0x000000001d450000)]
  0x000000001add7800 JavaThread "Daemon" [_thread_blocked, id=7592, stack(0x000000001d250000,0x000000001d350000)]
  0x000000001af18800 JavaThread "Daemon periodic checks" [_thread_blocked, id=10400, stack(0x000000001d150000,0x000000001d250000)]
  0x000000001abe1800 JavaThread "Incoming local TCP Connector on port 53078" [_thread_in_native, id=11372, stack(0x000000001b760000,0x000000001b860000)]
  0x00000000199b8800 JavaThread "Service Thread" daemon [_thread_blocked, id=4684, stack(0x0000000019d90000,0x0000000019e90000)]
  0x0000000018029000 JavaThread "C1 CompilerThread2" daemon [_thread_in_vm, id=12188, stack(0x0000000019890000,0x0000000019990000)]
=>0x0000000018022000 JavaThread "C2 CompilerThread1" daemon [_thread_in_native, id=3356, stack(0x0000000019790000,0x0000000019890000)]
  0x000000001801f800 JavaThread "C2 CompilerThread0" daemon [_thread_in_native, id=6760, stack(0x0000000019690000,0x0000000019790000)]
  0x000000001801e000 JavaThread "Attach Listener" daemon [_thread_blocked, id=10488, stack(0x0000000019590000,0x0000000019690000)]
  0x000000001801b000 JavaThread "Signal Dispatcher" daemon [_thread_blocked, id=13792, stack(0x0000000019490000,0x0000000019590000)]
  0x0000000018008800 JavaThread "Finalizer" daemon [_thread_blocked, id=10580, stack(0x0000000019280000,0x0000000019380000)]
  0x00000000046a1000 JavaThread "Reference Handler" daemon [_thread_blocked, id=9680, stack(0x0000000019180000,0x0000000019280000)]
  0x00000000044fd800 JavaThread "main" [_thread_blocked, id=9324, stack(0x00000000043c0000,0x00000000044c0000)]

Other Threads:
  0x0000000017fe6800 VMThread [stack: 0x0000000019080000,0x0000000019180000] [id=11408]
  0x000000001807d800 WatcherThread [stack: 0x0000000019e90000,0x0000000019f90000] [id=2628]

VM state:not at safepoint (normal execution)

VM Mutex/Monitor currently owned by a thread: None

Heap:
 PSYoungGen      total 110080K, used 44782K [0x00000000e0000000, 0x00000000e7800000, 0x0000000100000000)
  eden space 98304K, 33% used [0x00000000e0000000,0x00000000e2042f30,0x00000000e6000000)
  from space 11776K, 99% used [0x00000000e6100000,0x00000000e6c788d8,0x00000000e6c80000)
  to   space 7680K, 0% used [0x00000000e7080000,0x00000000e7080000,0x00000000e7800000)
 ParOldGen       total 98816K, used 35258K [0x00000000a0000000, 0x00000000a6080000, 0x00000000e0000000)
  object space 98816K, 35% used [0x00000000a0000000,0x00000000a226eb60,0x00000000a6080000)
 Metaspace       used 54430K, capacity 56552K, committed 56664K, reserved 1097728K
  class space    used 7429K, capacity 7972K, committed 8064K, reserved 1048576K

Card table byte_map: [0x0000000013a70000,0x0000000013d80000] byte_map_base: 0x0000000013570000

Marking Bits: (ParMarkBitMap*) 0x00000000575e3950
 Begin Bits: [0x0000000014380000, 0x0000000015b80000)
 End Bits:   [0x0000000015b80000, 0x0000000017380000)

Polling page: 0x00000000003f0000

CodeCache: size=245760Kb used=22451Kb max_used=22451Kb free=223308Kb
 bounds [0x00000000046b0000, 0x0000000005cb0000, 0x00000000136b0000]
 total_blobs=7042 nmethods=6289 adapters=666
 compilation: enabled

Compilation events (10 events):
Event: 9.516 Thread 0x0000000018029000 6851       2       org.gradle.internal.metaobject.BeanDynamicObject$MetaClassAdapter::<init> (6 bytes)
Event: 9.516 Thread 0x0000000018029000 nmethod 6851 0x0000000005ca5e10 code [0x0000000005ca5f60, 0x0000000005ca60d0]
Event: 9.516 Thread 0x0000000018029000 6852       2       org.gradle.internal.metaobject.BeanDynamicObject$MetaClassAdapter::<init> (10 bytes)
Event: 9.516 Thread 0x0000000018029000 nmethod 6852 0x0000000005ca6150 code [0x0000000005ca62a0, 0x0000000005ca6410]
Event: 9.522 Thread 0x0000000018029000 6853       2       org.codehaus.groovy.reflection.ClassInfo::getMetaClassUnderLock (80 bytes)
Event: 9.522 Thread 0x0000000018029000 nmethod 6853 0x0000000005ca6490 code [0x0000000005ca6660, 0x0000000005ca6a98]
Event: 9.528 Thread 0x0000000018029000 6854       2       java.util.ComparableTimSort::mergeLo (656 bytes)
Event: 9.529 Thread 0x0000000018029000 nmethod 6854 0x0000000005ca6d90 code [0x0000000005ca7040, 0x0000000005ca8758]
Event: 9.535 Thread 0x0000000018029000 6855       2       org.codehaus.groovy.runtime.MetaClassHelper::capitalize (64 bytes)
Event: 9.535 Thread 0x0000000018029000 nmethod 6855 0x0000000005ca9510 code [0x0000000005ca9760, 0x0000000005ca9e98]

GC Heap History (10 events):
Event: 5.818 GC heap before
{Heap before GC invocations=11 (full 2):
 PSYoungGen      total 87552K, used 10226K [0x00000000e0000000, 0x00000000e7c80000, 0x0000000100000000)
  eden space 76288K, 0% used [0x00000000e0000000,0x00000000e0000000,0x00000000e4a80000)
  from space 11264K, 90% used [0x00000000e4a80000,0x00000000e547cb00,0x00000000e5580000)
  to   space 12288K, 0% used [0x00000000e7080000,0x00000000e7080000,0x00000000e7c80000)
 ParOldGen       total 64512K, used 8767K [0x00000000a0000000, 0x00000000a3f00000, 0x00000000e0000000)
  object space 64512K, 13% used [0x00000000a0000000,0x00000000a088fff8,0x00000000a3f00000)
 Metaspace       used 34448K, capacity 35188K, committed 35416K, reserved 1079296K
  class space    used 4682K, capacity 4974K, committed 4992K, reserved 1048576K
Event: 5.873 GC heap after
Heap after GC invocations=11 (full 2):
 PSYoungGen      total 87552K, used 0K [0x00000000e0000000, 0x00000000e7c80000, 0x0000000100000000)
  eden space 76288K, 0% used [0x00000000e0000000,0x00000000e0000000,0x00000000e4a80000)
  from space 11264K, 0% used [0x00000000e4a80000,0x00000000e4a80000,0x00000000e5580000)
  to   space 12288K, 0% used [0x00000000e7080000,0x00000000e7080000,0x00000000e7c80000)
 ParOldGen       total 98816K, used 16190K [0x00000000a0000000, 0x00000000a6080000, 0x00000000e0000000)
  object space 98816K, 16% used [0x00000000a0000000,0x00000000a0fcf9d8,0x00000000a6080000)
 Metaspace       used 34448K, capacity 35188K, committed 35416K, reserved 1079296K
  class space    used 4682K, capacity 4974K, committed 4992K, reserved 1048576K
}
Event: 6.562 GC heap before
{Heap before GC invocations=12 (full 2):
 PSYoungGen      total 87552K, used 76288K [0x00000000e0000000, 0x00000000e7c80000, 0x0000000100000000)
  eden space 76288K, 100% used [0x00000000e0000000,0x00000000e4a80000,0x00000000e4a80000)
  from space 11264K, 0% used [0x00000000e4a80000,0x00000000e4a80000,0x00000000e5580000)
  to   space 12288K, 0% used [0x00000000e7080000,0x00000000e7080000,0x00000000e7c80000)
 ParOldGen       total 98816K, used 16190K [0x00000000a0000000, 0x00000000a6080000, 0x00000000e0000000)
  object space 98816K, 16% used [0x00000000a0000000,0x00000000a0fcf9d8,0x00000000a6080000)
 Metaspace       used 41209K, capacity 42044K, committed 42456K, reserved 1085440K
  class space    used 5485K, capacity 5799K, committed 5888K, reserved 1048576K
Event: 6.573 GC heap after
Heap after GC invocations=12 (full 2):
 PSYoungGen      total 105984K, used 7454K [0x00000000e0000000, 0x00000000e7800000, 0x0000000100000000)
  eden space 98304K, 0% used [0x00000000e0000000,0x00000000e0000000,0x00000000e6000000)
  from space 7680K, 97% used [0x00000000e7080000,0x00000000e77c7860,0x00000000e7800000)
  to   space 11776K, 0% used [0x00000000e6100000,0x00000000e6100000,0x00000000e6c80000)
 ParOldGen       total 98816K, used 16198K [0x00000000a0000000, 0x00000000a6080000, 0x00000000e0000000)
  object space 98816K, 16% used [0x00000000a0000000,0x00000000a0fd19d8,0x00000000a6080000)
 Metaspace       used 41209K, capacity 42044K, committed 42456K, reserved 1085440K
  class space    used 5485K, capacity 5799K, committed 5888K, reserved 1048576K
}
Event: 7.763 GC heap before
{Heap before GC invocations=13 (full 2):
 PSYoungGen      total 105984K, used 105758K [0x00000000e0000000, 0x00000000e7800000, 0x0000000100000000)
  eden space 98304K, 100% used [0x00000000e0000000,0x00000000e6000000,0x00000000e6000000)
  from space 7680K, 97% used [0x00000000e7080000,0x00000000e77c7860,0x00000000e7800000)
  to   space 11776K, 0% used [0x00000000e6100000,0x00000000e6100000,0x00000000e6c80000)
 ParOldGen       total 98816K, used 16198K [0x00000000a0000000, 0x00000000a6080000, 0x00000000e0000000)
  object space 98816K, 16% used [0x00000000a0000000,0x00000000a0fd19d8,0x00000000a6080000)
 Metaspace       used 47004K, capacity 48190K, committed 48472K, reserved 1091584K
  class space    used 6278K, capacity 6675K, committed 6784K, reserved 1048576K
Event: 7.776 GC heap after
Heap after GC invocations=13 (full 2):
 PSYoungGen      total 110080K, used 11755K [0x00000000e0000000, 0x00000000e7800000, 0x0000000100000000)
  eden space 98304K, 0% used [0x00000000e0000000,0x00000000e0000000,0x00000000e6000000)
  from space 11776K, 99% used [0x00000000e6100000,0x00000000e6c7ae30,0x00000000e6c80000)
  to   space 7680K, 0% used [0x00000000e7080000,0x00000000e7080000,0x00000000e7800000)
 ParOldGen       total 98816K, used 17199K [0x00000000a0000000, 0x00000000a6080000, 0x00000000e0000000)
  object space 98816K, 17% used [0x00000000a0000000,0x00000000a10cbe50,0x00000000a6080000)
 Metaspace       used 47004K, capacity 48190K, committed 48472K, reserved 1091584K
  class space    used 6278K, capacity 6675K, committed 6784K, reserved 1048576K
}
Event: 8.689 GC heap before
{Heap before GC invocations=14 (full 2):
 PSYoungGen      total 110080K, used 110059K [0x00000000e0000000, 0x00000000e7800000, 0x0000000100000000)
  eden space 98304K, 100% used [0x00000000e0000000,0x00000000e6000000,0x00000000e6000000)
  from space 11776K, 99% used [0x00000000e6100000,0x00000000e6c7ae30,0x00000000e6c80000)
  to   space 7680K, 0% used [0x00000000e7080000,0x00000000e7080000,0x00000000e7800000)
 ParOldGen       total 98816K, used 17199K [0x00000000a0000000, 0x00000000a6080000, 0x00000000e0000000)
  object space 98816K, 17% used [0x00000000a0000000,0x00000000a10cbe50,0x00000000a6080000)
 Metaspace       used 52081K, capacity 53784K, committed 53848K, reserved 1095680K
  class space    used 7043K, capacity 7532K, committed 7552K, reserved 1048576K
Event: 8.705 GC heap after
Heap after GC invocations=14 (full 2):
 PSYoungGen      total 105984K, used 7670K [0x00000000e0000000, 0x00000000e7800000, 0x0000000100000000)
  eden space 98304K, 0% used [0x00000000e0000000,0x00000000e0000000,0x00000000e6000000)
  from space 7680K, 99% used [0x00000000e7080000,0x00000000e77fdbb8,0x00000000e7800000)
  to   space 11776K, 0% used [0x00000000e6100000,0x00000000e6100000,0x00000000e6c80000)
 ParOldGen       total 98816K, used 27079K [0x00000000a0000000, 0x00000000a6080000, 0x00000000e0000000)
  object space 98816K, 27% used [0x00000000a0000000,0x00000000a1a71d40,0x00000000a6080000)
 Metaspace       used 52081K, capacity 53784K, committed 53848K, reserved 1095680K
  class space    used 7043K, capacity 7532K, committed 7552K, reserved 1048576K
}
Event: 9.394 GC heap before
{Heap before GC invocations=15 (full 2):
 PSYoungGen      total 105984K, used 105974K [0x00000000e0000000, 0x00000000e7800000, 0x0000000100000000)
  eden space 98304K, 100% used [0x00000000e0000000,0x00000000e6000000,0x00000000e6000000)
  from space 7680K, 99% used [0x00000000e7080000,0x00000000e77fdbb8,0x00000000e7800000)
  to   space 11776K, 0% used [0x00000000e6100000,0x00000000e6100000,0x00000000e6c80000)
 ParOldGen       total 98816K, used 27079K [0x00000000a0000000, 0x00000000a6080000, 0x00000000e0000000)
  object space 98816K, 27% used [0x00000000a0000000,0x00000000a1a71d40,0x00000000a6080000)
 Metaspace       used 54363K, capacity 56412K, committed 56664K, reserved 1097728K
  class space    used 7421K, capacity 7970K, committed 8064K, reserved 1048576K
Event: 9.413 GC heap after
Heap after GC invocations=15 (full 2):
 PSYoungGen      total 110080K, used 11746K [0x00000000e0000000, 0x00000000e7800000, 0x0000000100000000)
  eden space 98304K, 0% used [0x00000000e0000000,0x00000000e0000000,0x00000000e6000000)
  from space 11776K, 99% used [0x00000000e6100000,0x00000000e6c788d8,0x00000000e6c80000)
  to   space 7680K, 0% used [0x00000000e7080000,0x00000000e7080000,0x00000000e7800000)
 ParOldGen       total 98816K, used 35258K [0x00000000a0000000, 0x00000000a6080000, 0x00000000e0000000)
  object space 98816K, 35% used [0x00000000a0000000,0x00000000a226eb60,0x00000000a6080000)
 Metaspace       used 54363K, capacity 56412K, committed 56664K, reserved 1097728K
  class space    used 7421K, capacity 7970K, committed 8064K, reserved 1048576K
}

Deoptimization events (10 events):
Event: 8.635 Thread 0x000000001ac01800 Uncommon trap: reason=class_check action=maybe_recompile pc=0x000000000555ddf0 method=org.gradle.model.internal.type.ModelType.wrap(Ljava/lang/reflect/Type;)Lorg/gradle/model/internal/type/TypeWrapper; @ 33
Event: 8.636 Thread 0x000000001ac01800 Uncommon trap: reason=class_check action=maybe_recompile pc=0x000000000555df1c method=org.gradle.model.internal.type.ModelType.wrap(Ljava/lang/reflect/Type;)Lorg/gradle/model/internal/type/TypeWrapper; @ 83
Event: 8.712 Thread 0x000000001ac01800 Uncommon trap: reason=unstable_if action=reinterpret pc=0x0000000004fff400 method=java.lang.reflect.AccessibleObject.setAccessible0(Ljava/lang/reflect/AccessibleObject;Z)V @ 23
Event: 8.828 Thread 0x000000001ac01800 Uncommon trap: reason=class_check action=maybe_recompile pc=0x0000000004e342a4 method=java.util.regex.Pattern$BnM.match(Ljava/util/regex/Matcher;ILjava/lang/CharSequence;)Z @ 111
Event: 8.882 Thread 0x000000001ac01800 Uncommon trap: reason=class_check action=maybe_recompile pc=0x0000000004c6e880 method=java.lang.Throwable.<init>(Ljava/lang/String;Ljava/lang/Throwable;)V @ 24
Event: 8.882 Thread 0x000000001ac01800 Uncommon trap: reason=class_check action=maybe_recompile pc=0x0000000004c6e880 method=java.lang.Throwable.<init>(Ljava/lang/String;Ljava/lang/Throwable;)V @ 24
Event: 8.882 Thread 0x000000001ac01800 Uncommon trap: reason=class_check action=maybe_recompile pc=0x0000000004c6e880 method=java.lang.Throwable.<init>(Ljava/lang/String;Ljava/lang/Throwable;)V @ 24
Event: 8.882 Thread 0x000000001ac01800 Uncommon trap: reason=class_check action=maybe_recompile pc=0x0000000004c6e880 method=java.lang.Throwable.<init>(Ljava/lang/String;Ljava/lang/Throwable;)V @ 24
Event: 8.919 Thread 0x000000001ac01800 Uncommon trap: reason=class_check action=maybe_recompile pc=0x0000000004f83de4 method=org.codehaus.groovy.runtime.metaclass.MetaMethodIndex.addMethodToList(Ljava/lang/Object;Lgroovy/lang/MetaMethod;)Ljava/lang/Object; @ 230
Event: 9.232 Thread 0x000000001ac01800 Uncommon trap: reason=class_check action=maybe_recompile pc=0x0000000004f83de4 method=org.codehaus.groovy.runtime.metaclass.MetaMethodIndex.addMethodToList(Ljava/lang/Object;Lgroovy/lang/MetaMethod;)Ljava/lang/Object; @ 230

Classes redefined (0 events):
No events

Internal exceptions (10 events):
Event: 9.529 Thread 0x000000001ac01800 Exception <a 'java/lang/ClassNotFoundException': com/android/build/gradle/tasks/factory/AndroidUnitTestBeanInfo> (0x00000000e1c50718) thrown at [D:\src\AOSP-openjdk-cygwin\jdk8u\hotspot\src\share\vm\classfile\systemDictionary.cpp, line 210]
Event: 9.529 Thread 0x000000001ac01800 Exception <a 'java/lang/ClassNotFoundException': org/gradle/api/tasks/testing/TestBeanInfo> (0x00000000e1c6bee0) thrown at [D:\src\AOSP-openjdk-cygwin\jdk8u\hotspot\src\share\vm\classfile\systemDictionary.cpp, line 210]
Event: 9.529 Thread 0x000000001ac01800 Exception <a 'java/lang/ClassNotFoundException': org/gradle/api/tasks/testing/TestCustomizer> (0x00000000e1c88e30) thrown at [D:\src\AOSP-openjdk-cygwin\jdk8u\hotspot\src\share\vm\classfile\systemDictionary.cpp, line 210]
Event: 9.532 Thread 0x000000001ac01800 Exception <a 'java/lang/ClassNotFoundException': com/android/build/gradle/tasks/factory/AndroidUnitTestCustomizer> (0x00000000e1d47258) thrown at [D:\src\AOSP-openjdk-cygwin\jdk8u\hotspot\src\share\vm\classfile\systemDictionary.cpp, line 210]
Event: 9.533 Thread 0x000000001ac01800 Exception <a 'java/lang/ClassNotFoundException': com/android/build/gradle/tasks/factory/AndroidUnitTest_DecoratedCustomizer> (0x00000000e1d83650) thrown at [D:\src\AOSP-openjdk-cygwin\jdk8u\hotspot\src\share\vm\classfile\systemDictionary.cpp, line 210]
Event: 9.536 Thread 0x000000001ac01800 Exception <a 'java/lang/ClassNotFoundException': com/android/build/gradle/internal/pipeline/TransformTask_DecoratedBeanInfo> (0x00000000e1eb8450) thrown at [D:\src\AOSP-openjdk-cygwin\jdk8u\hotspot\src\share\vm\classfile\systemDictionary.cpp, line 210]
Event: 9.536 Thread 0x000000001ac01800 Exception <a 'java/lang/ClassNotFoundException': com/android/build/gradle/internal/pipeline/TransformTaskBeanInfo> (0x00000000e1ece798) thrown at [D:\src\AOSP-openjdk-cygwin\jdk8u\hotspot\src\share\vm\classfile\systemDictionary.cpp, line 210]
Event: 9.537 Thread 0x000000001ac01800 Exception <a 'java/lang/ClassNotFoundException': com/android/build/gradle/internal/pipeline/StreamBasedTaskBeanInfo> (0x00000000e1ee4d68) thrown at [D:\src\AOSP-openjdk-cygwin\jdk8u\hotspot\src\share\vm\classfile\systemDictionary.cpp, line 210]
Event: 9.537 Thread 0x000000001ac01800 Exception <a 'java/lang/ClassNotFoundException': com/android/build/gradle/internal/pipeline/StreamBasedTaskCustomizer> (0x00000000e1efbf48) thrown at [D:\src\AOSP-openjdk-cygwin\jdk8u\hotspot\src\share\vm\classfile\systemDictionary.cpp, line 210]
Event: 9.538 Thread 0x000000001ac01800 Exception <a 'java/lang/ClassNotFoundException': com/android/build/gradle/internal/pipeline/TransformTaskCustomizer> (0x00000000e1f24168) thrown at [D:\src\AOSP-openjdk-cygwin\jdk8u\hotspot\src\share\vm\classfile\systemDictionary.cpp, line 210]

Events (10 events):
Event: 9.537 loading class com/android/build/gradle/internal/pipeline/StreamBasedTaskCustomizer
Event: 9.537 loading class com/android/build/gradle/internal/pipeline/StreamBasedTaskCustomizer done
Event: 9.537 loading class com/android/build/gradle/internal/pipeline/StreamBasedTaskCustomizer
Event: 9.537 loading class com/android/build/gradle/internal/pipeline/StreamBasedTaskCustomizer done
Event: 9.537 loading class com/android/build/gradle/internal/pipeline/TransformTaskCustomizer
Event: 9.537 loading class com/android/build/gradle/internal/pipeline/TransformTaskCustomizer done
Event: 9.537 loading class com/android/build/gradle/internal/pipeline/TransformTaskCustomizer
Event: 9.537 loading class com/android/build/gradle/internal/pipeline/TransformTaskCustomizer done
Event: 9.537 loading class com/android/build/gradle/internal/pipeline/TransformTaskCustomizer
Event: 9.537 loading class com/android/build/gradle/internal/pipeline/TransformTaskCustomizer done


Dynamic libraries:
0x00007ff750230000 - 0x00007ff750261000 	C:\Program Files\Android\Android Studio\jre\bin\java.exe
0x00007fffdfa90000 - 0x00007fffdfc70000 	C:\Windows\SYSTEM32\ntdll.dll
0x00007fffde070000 - 0x00007fffde11e000 	C:\Windows\System32\KERNEL32.DLL
0x00007fffdc250000 - 0x00007fffdc4b6000 	C:\Windows\System32\KERNELBASE.dll
0x00007fffdd6d0000 - 0x00007fffdd771000 	C:\Windows\System32\ADVAPI32.dll
0x00007fffde2c0000 - 0x00007fffde35d000 	C:\Windows\System32\msvcrt.dll
0x00007fffde380000 - 0x00007fffde3db000 	C:\Windows\System32\sechost.dll
0x00007fffdd820000 - 0x00007fffdd93f000 	C:\Windows\System32\RPCRT4.dll
0x00007fffdcf60000 - 0x00007fffdd0ef000 	C:\Windows\System32\USER32.dll
0x00007fffdcf40000 - 0x00007fffdcf60000 	C:\Windows\System32\win32u.dll
0x00007fffdd240000 - 0x00007fffdd268000 	C:\Windows\System32\GDI32.dll
0x00007fffdc0b0000 - 0x00007fffdc243000 	C:\Windows\System32\gdi32full.dll
0x00007fffdbe90000 - 0x00007fffdbf2b000 	C:\Windows\System32\msvcp_win.dll
0x00007fffdbf30000 - 0x00007fffdc026000 	C:\Windows\System32\ucrtbase.dll
0x00007fffcfc30000 - 0x00007fffcfe99000 	C:\Windows\WinSxS\amd64_microsoft.windows.common-controls_6595b64144ccf1df_6.0.16299.192_none_15c8cdae9364c23b\COMCTL32.dll
0x00007fffdd940000 - 0x00007fffddc48000 	C:\Windows\System32\combase.dll
0x00007fffdc030000 - 0x00007fffdc0a2000 	C:\Windows\System32\bcryptPrimitives.dll
0x00007fffddc60000 - 0x00007fffddc8d000 	C:\Windows\System32\IMM32.DLL
0x0000000058620000 - 0x00000000586f2000 	C:\Program Files\Android\Android Studio\jre\jre\bin\msvcr100.dll
0x0000000056e20000 - 0x000000005765e000 	C:\Program Files\Android\Android Studio\jre\jre\bin\server\jvm.dll
0x00007fffde120000 - 0x00007fffde128000 	C:\Windows\System32\PSAPI.DLL
0x00007fffd8c20000 - 0x00007fffd8c43000 	C:\Windows\SYSTEM32\WINMM.dll
0x00007fffc65e0000 - 0x00007fffc65e9000 	C:\Windows\SYSTEM32\WSOCK32.dll
0x00007fffd6150000 - 0x00007fffd615a000 	C:\Windows\SYSTEM32\VERSION.dll
0x00007fffde000000 - 0x00007fffde06c000 	C:\Windows\System32\WS2_32.dll
0x00007fffd8bc0000 - 0x00007fffd8bea000 	C:\Windows\SYSTEM32\WINMMBASE.dll
0x00007fffdc7a0000 - 0x00007fffdc7ea000 	C:\Windows\System32\cfgmgr32.dll
0x00007fffd3dd0000 - 0x00007fffd3ddf000 	C:\Program Files\Android\Android Studio\jre\jre\bin\verify.dll
0x00007fffc7dc0000 - 0x00007fffc7de9000 	C:\Program Files\Android\Android Studio\jre\jre\bin\java.dll
0x00007fffced00000 - 0x00007fffced16000 	C:\Program Files\Android\Android Studio\jre\jre\bin\zip.dll
0x00007fffde620000 - 0x00007fffdfa56000 	C:\Windows\System32\SHELL32.dll
0x00007fffde3e0000 - 0x00007fffde486000 	C:\Windows\System32\shcore.dll
0x00007fffdc7f0000 - 0x00007fffdcf37000 	C:\Windows\System32\windows.storage.dll
0x00007fffde490000 - 0x00007fffde4e1000 	C:\Windows\System32\shlwapi.dll
0x00007fffdbe20000 - 0x00007fffdbe31000 	C:\Windows\System32\kernel.appcore.dll
0x00007fffdbe40000 - 0x00007fffdbe8c000 	C:\Windows\System32\powrprof.dll
0x00007fffdbe00000 - 0x00007fffdbe1b000 	C:\Windows\System32\profapi.dll
0x00007fffcda20000 - 0x00007fffcda3a000 	C:\Program Files\Android\Android Studio\jre\jre\bin\net.dll
0x00007fffdb670000 - 0x00007fffdb6d6000 	C:\Windows\system32\mswsock.dll
0x00007fffcd8a0000 - 0x00007fffcd8b1000 	C:\Program Files\Android\Android Studio\jre\jre\bin\nio.dll
0x00007fffb9b80000 - 0x00007fffb9b9e000 	C:\Users\Ahriman\.gradle\native\25\windows-amd64\native-platform.dll
0x00007fffd3530000 - 0x00007fffd353d000 	C:\Program Files\Android\Android Studio\jre\jre\bin\management.dll
0x00007fffdb830000 - 0x00007fffdb847000 	C:\Windows\SYSTEM32\CRYPTSP.dll
0x00007fffdb280000 - 0x00007fffdb2b3000 	C:\Windows\system32\rsaenh.dll
0x00007fffdb940000 - 0x00007fffdb965000 	C:\Windows\SYSTEM32\bcrypt.dll
0x00007fffdbce0000 - 0x00007fffdbd09000 	C:\Windows\SYSTEM32\USERENV.dll
0x00007fffdb850000 - 0x00007fffdb85b000 	C:\Windows\SYSTEM32\CRYPTBASE.dll
0x00007fffdb400000 - 0x00007fffdb439000 	C:\Windows\SYSTEM32\IPHLPAPI.DLL
0x00007fffddc50000 - 0x00007fffddc58000 	C:\Windows\System32\NSI.dll
0x00007fffd6130000 - 0x00007fffd6146000 	C:\Windows\SYSTEM32\dhcpcsvc6.DLL
0x00007fffd6110000 - 0x00007fffd612a000 	C:\Windows\SYSTEM32\dhcpcsvc.DLL

VM Arguments:
jvm_args: -Xmx1536m -Dfile.encoding=windows-1252 -Duser.country=ES -Duser.language=es -Duser.variant 
java_command: org.gradle.launcher.daemon.bootstrap.GradleDaemon 4.1
java_class_path (initial): C:\Users\Ahriman\.gradle\wrapper\dists\gradle-4.1-all\bzyivzo6n839fup2jbap0tjew\gradle-4.1\lib\gradle-launcher-4.1.jar
Launcher Type: SUN_STANDARD

Environment Variables:
PATH=C:\Python27\;C:\Python27\Scripts;C:\ProgramData\Oracle\Java\javapath;C:\Windows\system32;C:\Windows;C:\Windows\System32\Wbem;C:\Windows\System32\WindowsPowerShell\v1.0\;C:\Program Files (x86)\NVIDIA Corporation\PhysX\Common;C:\Program Files\Calibre2\;C:\Users\Ahriman\AppData\Local\Microsoft\WindowsApps;C:\Users\Ahriman\AppData\Local\atom\bin
USERNAME=Ahriman
OS=Windows_NT
PROCESSOR_IDENTIFIER=Intel64 Family 6 Model 58 Stepping 9, GenuineIntel



---------------  S Y S T E M  ---------------

OS: Windows 10.0 , 64 bit Build 16299 (10.0.16299.15)

CPU:total 4 (initial active 4) (4 cores per cpu, 1 threads per core) family 6 model 58 stepping 9, cmov, cx8, fxsr, mmx, sse, sse2, sse3, ssse3, sse4.1, sse4.2, popcnt, avx, aes, clmul, erms, tsc, tscinvbit, tscinv

Memory: 4k page, physical 8324280k(1805760k free), swap 8324280k(5784k free)

vm_info: OpenJDK 64-Bit Server VM (25.152-b01) for windows-amd64 JRE (1.8.0_152-release-915-b01), built by "builder" with MS VC++ 10.0 (VS2010)

time: Wed Feb 07 19:33:03 2018
elapsed time: 9 seconds (0d 0h 0m 9s)

