#
# There is insufficient memory for the Java Runtime Environment to continue.
# Native memory allocation (malloc) failed to allocate 1808928 bytes for Chunk::new
# Possible reasons:
#   The system is out of physical RAM or swap space
#   In 32 bit mode, the process size limit was hit
# Possible solutions:
#   Reduce memory load on the system
#   Increase physical memory or swap space
#   Check if swap backing store is full
#   Use 64 bit Java on a 64 bit OS
#   Decrease Java heap size (-Xmx/-Xms)
#   Decrease number of Java threads
#   Decrease Java thread stack sizes (-Xss)
#   Set larger code cache with -XX:ReservedCodeCacheSize=
# This output file may be truncated or incomplete.
#
#  Out of Memory Error (allocation.cpp:390), pid=8352, tid=0x00000000000024e0
#
# JRE version: OpenJDK Runtime Environment (8.0_152-b01) (build 1.8.0_152-release-915-b01)
# Java VM: OpenJDK 64-Bit Server VM (25.152-b01 mixed mode windows-amd64 compressed oops)
# Failed to write core dump. Minidumps are not enabled by default on client versions of Windows
#

---------------  T H R E A D  ---------------

Current thread (0x0000000017d1e000):  JavaThread "C2 CompilerThread0" daemon [_thread_in_native, id=9440, stack(0x0000000019380000,0x0000000019480000)]

Stack: [0x0000000019380000,0x0000000019480000]
[error occurred during error reporting (printing stack bounds), id 0xc0000005]

Native frames: (J=compiled Java code, j=interpreted, Vv=VM code, C=native code)


Current CompileTask:
C2:   7563 4332       4       org.gradle.model.internal.type.ModelType::wrap (219 bytes)


---------------  P R O C E S S  ---------------

Java Threads: ( => current thread )
  0x000000001e76c000 JavaThread "Memory manager" [_thread_blocked, id=13620, stack(0x0000000022690000,0x0000000022790000)]
  0x0000000020064800 JavaThread "build operations Thread 4" [_thread_blocked, id=13676, stack(0x0000000021f90000,0x0000000022090000)]
  0x0000000020064000 JavaThread "build operations Thread 3" [_thread_blocked, id=13424, stack(0x0000000021e90000,0x0000000021f90000)]
  0x0000000020063000 JavaThread "build operations Thread 2" [_thread_blocked, id=5976, stack(0x0000000021d90000,0x0000000021e90000)]
  0x0000000020062800 JavaThread "build operations" [_thread_blocked, id=10396, stack(0x0000000021b90000,0x0000000021c90000)]
  0x0000000020066000 JavaThread "Cache worker for Artifact transforms cache (C:\Users\Ahriman\.gradle\caches\transforms-1)" [_thread_blocked, id=9092, stack(0x000000001f020000,0x000000001f120000)]
  0x000000001b6ff000 JavaThread "Cache worker for file hash cache (C:\Users\Ahriman\AndroidStudioProjects\Top\.gradle\4.1\fileHashes)" [_thread_blocked, id=9700, stack(0x000000001db50000,0x000000001dc50000)]
  0x000000001b1dd000 JavaThread "File lock request listener" [_thread_in_native, id=896, stack(0x000000001da50000,0x000000001db50000)]
  0x000000001b22e800 JavaThread "Cache worker for file hash cache (C:\Users\Ahriman\.gradle\caches\4.1\fileHashes)" [_thread_blocked, id=1320, stack(0x000000001d750000,0x000000001d850000)]
  0x000000001a9a4000 JavaThread "Stdin handler" [_thread_blocked, id=168, stack(0x000000001d650000,0x000000001d750000)]
  0x000000001a9a2000 JavaThread "Asynchronous log dispatcher for DefaultDaemonConnection: socket connection from /127.0.0.1:52938 to /127.0.0.1:52939" [_thread_blocked, id=2004, stack(0x000000001d550000,0x000000001d650000)]
  0x000000001b033800 JavaThread "Daemon worker" [_thread_in_vm, id=4296, stack(0x000000001d450000,0x000000001d550000)]
  0x000000001aafc800 JavaThread "Cancel handler" [_thread_blocked, id=9948, stack(0x000000001d350000,0x000000001d450000)]
  0x000000001a8bd800 JavaThread "Handler for socket connection from /127.0.0.1:52938 to /127.0.0.1:52939" [_thread_in_native, id=13380, stack(0x000000001d050000,0x000000001d150000)]
  0x000000001a856800 JavaThread "Daemon" [_thread_blocked, id=7968, stack(0x000000001cf50000,0x000000001d050000)]
  0x000000001afad000 JavaThread "Daemon periodic checks" [_thread_blocked, id=13892, stack(0x000000001ce50000,0x000000001cf50000)]
  0x000000001a592800 JavaThread "Incoming local TCP Connector on port 52938" [_thread_in_native, id=1304, stack(0x000000001b450000,0x000000001b550000)]
  0x00000000196a3800 JavaThread "Service Thread" daemon [_thread_blocked, id=5920, stack(0x0000000019a80000,0x0000000019b80000)]
  0x0000000017d23800 JavaThread "C1 CompilerThread2" daemon [_thread_in_native, id=3388, stack(0x0000000019580000,0x0000000019680000)]
  0x0000000017d20800 JavaThread "C2 CompilerThread1" daemon [_thread_in_native, id=6056, stack(0x0000000019480000,0x0000000019580000)]
=>0x0000000017d1e000 JavaThread "C2 CompilerThread0" daemon [_thread_in_native, id=9440, stack(0x0000000019380000,0x0000000019480000)]
  0x0000000017d1c800 JavaThread "Attach Listener" daemon [_thread_blocked, id=9464, stack(0x0000000019280000,0x0000000019380000)]
  0x00000000043ae800 JavaThread "Signal Dispatcher" daemon [_thread_blocked, id=9076, stack(0x0000000019180000,0x0000000019280000)]
  0x0000000017d0e000 JavaThread "Finalizer" daemon [_thread_blocked, id=356, stack(0x0000000018f70000,0x0000000019070000)]
  0x00000000043a2800 JavaThread "Reference Handler" daemon [_thread_blocked, id=996, stack(0x0000000018e70000,0x0000000018f70000)]
  0x00000000042ad800 JavaThread "main" [_thread_blocked, id=6392, stack(0x0000000004190000,0x0000000004290000)]

Other Threads:
  0x0000000017ce6000 VMThread [stack: 0x0000000018d70000,0x0000000018e70000] [id=8416]
  0x00000000196a8000 WatcherThread [stack: 0x0000000019b80000,0x0000000019c80000] [id=5452]

VM state:not at safepoint (normal execution)

VM Mutex/Monitor currently owned by a thread: None

Heap:
 PSYoungGen      total 74240K, used 34740K [0x00000000e0000000, 0x00000000e5400000, 0x0000000100000000)
  eden space 61952K, 48% used [0x00000000e0000000,0x00000000e1d932d0,0x00000000e3c80000)
  from space 12288K, 36% used [0x00000000e4800000,0x00000000e4c59f10,0x00000000e5400000)
  to   space 11776K, 0% used [0x00000000e3c80000,0x00000000e3c80000,0x00000000e4800000)
 ParOldGen       total 64000K, used 16229K [0x00000000a0000000, 0x00000000a3e80000, 0x00000000e0000000)
  object space 64000K, 25% used [0x00000000a0000000,0x00000000a0fd9490,0x00000000a3e80000)
 Metaspace       used 41345K, capacity 42196K, committed 42456K, reserved 1085440K
  class space    used 5515K, capacity 5869K, committed 5888K, reserved 1048576K

Card table byte_map: [0x0000000013770000,0x0000000013a80000] byte_map_base: 0x0000000013270000

Marking Bits: (ParMarkBitMap*) 0x00000000575e3950
 Begin Bits: [0x0000000014080000, 0x0000000015880000)
 End Bits:   [0x0000000015880000, 0x0000000017080000)

Polling page: 0x0000000004110000

CodeCache: size=245760Kb used=14368Kb max_used=14374Kb free=231391Kb
 bounds [0x00000000043b0000, 0x00000000051d0000, 0x00000000133b0000]
 total_blobs=4806 nmethods=4087 adapters=632
 compilation: enabled

Compilation events (10 events):
Event: 7.560 Thread 0x0000000017d23800 nmethod 4631 0x00000000051a94d0 code [0x00000000051a9620, 0x00000000051a9850]
Event: 7.560 Thread 0x0000000017d23800 4633 %     3       java.math.BigInteger::multiplyToLen @ 135 (216 bytes)
Event: 7.561 Thread 0x0000000017d23800 nmethod 4633% 0x00000000051aa390 code [0x00000000051aa540, 0x00000000051aabf0]
Event: 7.561 Thread 0x0000000017d23800 4634       3       java.math.BigInteger::montgomerySquare (49 bytes)
Event: 7.561 Thread 0x0000000017d23800 nmethod 4634 0x00000000051be8d0 code [0x00000000051beaa0, 0x00000000051bf118]
Event: 7.561 Thread 0x0000000017d23800 4635       3       java.math.BigInteger::implMontgomerySquare (19 bytes)
Event: 7.561 Thread 0x0000000017d20800 nmethod 4629 0x00000000051be510 code [0x00000000051be660, 0x00000000051be778]
Event: 7.561 Thread 0x0000000017d20800 4613       4       java.lang.String::<init> (100 bytes)
Event: 7.561 Thread 0x0000000017d23800 nmethod 4635 0x00000000051bde10 code [0x00000000051bdfa0, 0x00000000051be328]
Event: 7.561 Thread 0x0000000017d23800 4636       3       java.math.BigInteger::multiplyToLen (216 bytes)

GC Heap History (10 events):
Event: 3.701 GC heap before
{Heap before GC invocations=8 (full 1):
 PSYoungGen      total 58880K, used 54268K [0x00000000e0000000, 0x00000000e4400000, 0x0000000100000000)
  eden space 49152K, 100% used [0x00000000e0000000,0x00000000e3000000,0x00000000e3000000)
  from space 9728K, 52% used [0x00000000e3a80000,0x00000000e3f7f3f0,0x00000000e4400000)
  to   space 10240K, 0% used [0x00000000e3000000,0x00000000e3000000,0x00000000e3a00000)
 ParOldGen       total 64000K, used 8677K [0x00000000a0000000, 0x00000000a3e80000, 0x00000000e0000000)
  object space 64000K, 13% used [0x00000000a0000000,0x00000000a0879550,0x00000000a3e80000)
 Metaspace       used 29129K, capacity 29750K, committed 29952K, reserved 1075200K
  class space    used 4085K, capacity 4328K, committed 4352K, reserved 1048576K
Event: 3.708 GC heap after
Heap after GC invocations=8 (full 1):
 PSYoungGen      total 59392K, used 8643K [0x00000000e0000000, 0x00000000e4400000, 0x0000000100000000)
  eden space 49152K, 0% used [0x00000000e0000000,0x00000000e0000000,0x00000000e3000000)
  from space 10240K, 84% used [0x00000000e3000000,0x00000000e3870ea0,0x00000000e3a00000)
  to   space 9728K, 0% used [0x00000000e3a80000,0x00000000e3a80000,0x00000000e4400000)
 ParOldGen       total 64000K, used 8685K [0x00000000a0000000, 0x00000000a3e80000, 0x00000000e0000000)
  object space 64000K, 13% used [0x00000000a0000000,0x00000000a087b550,0x00000000a3e80000)
 Metaspace       used 29129K, capacity 29750K, committed 29952K, reserved 1075200K
  class space    used 4085K, capacity 4328K, committed 4352K, reserved 1048576K
}
Event: 4.665 GC heap before
{Heap before GC invocations=9 (full 1):
 PSYoungGen      total 59392K, used 57795K [0x00000000e0000000, 0x00000000e4400000, 0x0000000100000000)
  eden space 49152K, 100% used [0x00000000e0000000,0x00000000e3000000,0x00000000e3000000)
  from space 10240K, 84% used [0x00000000e3000000,0x00000000e3870ea0,0x00000000e3a00000)
  to   space 9728K, 0% used [0x00000000e3a80000,0x00000000e3a80000,0x00000000e4400000)
 ParOldGen       total 64000K, used 8685K [0x00000000a0000000, 0x00000000a3e80000, 0x00000000e0000000)
  object space 64000K, 13% used [0x00000000a0000000,0x00000000a087b550,0x00000000a3e80000)
 Metaspace       used 31455K, capacity 32118K, committed 32256K, reserved 1077248K
  class space    used 4308K, capacity 4584K, committed 4608K, reserved 1048576K
Event: 4.671 GC heap after
Heap after GC invocations=9 (full 1):
 PSYoungGen      total 58880K, used 7402K [0x00000000e0000000, 0x00000000e4400000, 0x0000000100000000)
  eden space 49152K, 0% used [0x00000000e0000000,0x00000000e0000000,0x00000000e3000000)
  from space 9728K, 76% used [0x00000000e3a80000,0x00000000e41babc8,0x00000000e4400000)
  to   space 10240K, 0% used [0x00000000e3000000,0x00000000e3000000,0x00000000e3a00000)
 ParOldGen       total 64000K, used 8757K [0x00000000a0000000, 0x00000000a3e80000, 0x00000000e0000000)
  object space 64000K, 13% used [0x00000000a0000000,0x00000000a088d560,0x00000000a3e80000)
 Metaspace       used 31455K, capacity 32118K, committed 32256K, reserved 1077248K
  class space    used 4308K, capacity 4584K, committed 4608K, reserved 1048576K
}
Event: 6.786 GC heap before
{Heap before GC invocations=10 (full 1):
 PSYoungGen      total 58880K, used 39982K [0x00000000e0000000, 0x00000000e4400000, 0x0000000100000000)
  eden space 49152K, 66% used [0x00000000e0000000,0x00000000e1fd0f08,0x00000000e3000000)
  from space 9728K, 76% used [0x00000000e3a80000,0x00000000e41babc8,0x00000000e4400000)
  to   space 10240K, 0% used [0x00000000e3000000,0x00000000e3000000,0x00000000e3a00000)
 ParOldGen       total 64000K, used 8757K [0x00000000a0000000, 0x00000000a3e80000, 0x00000000e0000000)
  object space 64000K, 13% used [0x00000000a0000000,0x00000000a088d560,0x00000000a3e80000)
 Metaspace       used 34433K, capacity 35188K, committed 35416K, reserved 1079296K
  class space    used 4693K, capacity 4974K, committed 4992K, reserved 1048576K
Event: 6.792 GC heap after
Heap after GC invocations=10 (full 1):
 PSYoungGen      total 59392K, used 10223K [0x00000000e0000000, 0x00000000e5400000, 0x0000000100000000)
  eden space 49152K, 0% used [0x00000000e0000000,0x00000000e0000000,0x00000000e3000000)
  from space 10240K, 99% used [0x00000000e3000000,0x00000000e39fbf70,0x00000000e3a00000)
  to   space 12288K, 0% used [0x00000000e4800000,0x00000000e4800000,0x00000000e5400000)
 ParOldGen       total 64000K, used 8765K [0x00000000a0000000, 0x00000000a3e80000, 0x00000000e0000000)
  object space 64000K, 13% used [0x00000000a0000000,0x00000000a088f560,0x00000000a3e80000)
 Metaspace       used 34433K, capacity 35188K, committed 35416K, reserved 1079296K
  class space    used 4693K, capacity 4974K, committed 4992K, reserved 1048576K
}
Event: 6.792 GC heap before
{Heap before GC invocations=11 (full 2):
 PSYoungGen      total 59392K, used 10223K [0x00000000e0000000, 0x00000000e5400000, 0x0000000100000000)
  eden space 49152K, 0% used [0x00000000e0000000,0x00000000e0000000,0x00000000e3000000)
  from space 10240K, 99% used [0x00000000e3000000,0x00000000e39fbf70,0x00000000e3a00000)
  to   space 12288K, 0% used [0x00000000e4800000,0x00000000e4800000,0x00000000e5400000)
 ParOldGen       total 64000K, used 8765K [0x00000000a0000000, 0x00000000a3e80000, 0x00000000e0000000)
  object space 64000K, 13% used [0x00000000a0000000,0x00000000a088f560,0x00000000a3e80000)
 Metaspace       used 34433K, capacity 35188K, committed 35416K, reserved 1079296K
  class space    used 4693K, capacity 4974K, committed 4992K, reserved 1048576K
Event: 6.848 GC heap after
Heap after GC invocations=11 (full 2):
 PSYoungGen      total 59392K, used 0K [0x00000000e0000000, 0x00000000e5400000, 0x0000000100000000)
  eden space 49152K, 0% used [0x00000000e0000000,0x00000000e0000000,0x00000000e3000000)
  from space 10240K, 0% used [0x00000000e3000000,0x00000000e3000000,0x00000000e3a00000)
  to   space 12288K, 0% used [0x00000000e4800000,0x00000000e4800000,0x00000000e5400000)
 ParOldGen       total 64000K, used 16221K [0x00000000a0000000, 0x00000000a3e80000, 0x00000000e0000000)
  object space 64000K, 25% used [0x00000000a0000000,0x00000000a0fd7490,0x00000000a3e80000)
 Metaspace       used 34433K, capacity 35188K, committed 35416K, reserved 1079296K
  class space    used 4693K, capacity 4974K, committed 4992K, reserved 1048576K
}
Event: 7.246 GC heap before
{Heap before GC invocations=12 (full 2):
 PSYoungGen      total 59392K, used 49152K [0x00000000e0000000, 0x00000000e5400000, 0x0000000100000000)
  eden space 49152K, 100% used [0x00000000e0000000,0x00000000e3000000,0x00000000e3000000)
  from space 10240K, 0% used [0x00000000e3000000,0x00000000e3000000,0x00000000e3a00000)
  to   space 12288K, 0% used [0x00000000e4800000,0x00000000e4800000,0x00000000e5400000)
 ParOldGen       total 64000K, used 16221K [0x00000000a0000000, 0x00000000a3e80000, 0x00000000e0000000)
  object space 64000K, 25% used [0x00000000a0000000,0x00000000a0fd7490,0x00000000a3e80000)
 Metaspace       used 38439K, capacity 39272K, committed 39640K, reserved 1083392K
  class space    used 5186K, capacity 5527K, committed 5632K, reserved 1048576K
Event: 7.252 GC heap after
Heap after GC invocations=12 (full 2):
 PSYoungGen      total 74240K, used 4455K [0x00000000e0000000, 0x00000000e5400000, 0x0000000100000000)
  eden space 61952K, 0% used [0x00000000e0000000,0x00000000e0000000,0x00000000e3c80000)
  from space 12288K, 36% used [0x00000000e4800000,0x00000000e4c59f10,0x00000000e5400000)
  to   space 11776K, 0% used [0x00000000e3c80000,0x00000000e3c80000,0x00000000e4800000)
 ParOldGen       total 64000K, used 16229K [0x00000000a0000000, 0x00000000a3e80000, 0x00000000e0000000)
  object space 64000K, 25% used [0x00000000a0000000,0x00000000a0fd9490,0x00000000a3e80000)
 Metaspace       used 38439K, capacity 39272K, committed 39640K, reserved 1083392K
  class space    used 5186K, capacity 5527K, committed 5632K, reserved 1048576K
}

Deoptimization events (10 events):
Event: 7.367 Thread 0x000000001b033800 Uncommon trap: reason=bimorphic action=maybe_recompile pc=0x000000000512f3f0 method=java.util.Hashtable.get(Ljava/lang/Object;)Ljava/lang/Object; @ 6
Event: 7.372 Thread 0x000000001b033800 Uncommon trap: reason=unstable_if action=reinterpret pc=0x000000000453f5a4 method=java.util.jar.JarFile.getInputStream(Ljava/util/zip/ZipEntry;)Ljava/io/InputStream; @ 37
Event: 7.373 Thread 0x000000001b033800 Uncommon trap: reason=unstable_if action=reinterpret pc=0x0000000004ccc4b0 method=java.util.jar.JarFile$JarFileEntry.getCodeSigners()[Ljava/security/CodeSigner; @ 24
Event: 7.374 Thread 0x000000001b033800 Uncommon trap: reason=unstable_if action=reinterpret pc=0x0000000004c2aeec method=java.security.CodeSource.getCertificates()[Ljava/security/cert/Certificate; @ 22
Event: 7.374 Thread 0x000000001b033800 Uncommon trap: reason=unstable_if action=reinterpret pc=0x0000000004c2b804 method=java.util.jar.JarFile.maybeInstantiateVerifier()V @ 75
Event: 7.375 Thread 0x000000001b033800 Uncommon trap: reason=class_check action=maybe_recompile pc=0x00000000045ef3e4 method=java.util.jar.JarFile.getJarEntry(Ljava/lang/String;)Ljava/util/jar/JarEntry; @ 2
Event: 7.375 Thread 0x000000001b033800 Uncommon trap: reason=class_check action=maybe_recompile pc=0x00000000045ef3e4 method=java.util.jar.JarFile.getJarEntry(Ljava/lang/String;)Ljava/util/jar/JarEntry; @ 2
Event: 7.375 Thread 0x000000001b033800 Uncommon trap: reason=class_check action=maybe_recompile pc=0x00000000045ef3e4 method=java.util.jar.JarFile.getJarEntry(Ljava/lang/String;)Ljava/util/jar/JarEntry; @ 2
Event: 7.375 Thread 0x000000001b033800 Uncommon trap: reason=unstable_if action=reinterpret pc=0x0000000004b44138 method=java.util.LinkedHashMap.get(Ljava/lang/Object;)Ljava/lang/Object; @ 20
Event: 7.381 Thread 0x000000001b033800 Uncommon trap: reason=class_check action=maybe_recompile pc=0x00000000045ef3e4 method=java.util.jar.JarFile.getJarEntry(Ljava/lang/String;)Ljava/util/jar/JarEntry; @ 2

Classes redefined (0 events):
No events

Internal exceptions (10 events):
Event: 6.722 Thread 0x000000001b033800 Exception <a 'java/lang/ClassNotFoundException': groovy/util/BuilderSupportCustomizer> (0x00000000e1c54b40) thrown at [D:\src\AOSP-openjdk-cygwin\jdk8u\hotspot\src\share\vm\classfile\systemDictionary.cpp, line 210]
Event: 6.723 Thread 0x000000001b033800 Exception <a 'java/lang/ClassNotFoundException': groovy/util/AntBuilderCustomizer> (0x00000000e1c77d18) thrown at [D:\src\AOSP-openjdk-cygwin\jdk8u\hotspot\src\share\vm\classfile\systemDictionary.cpp, line 210]
Event: 6.723 Thread 0x000000001b033800 Exception <a 'java/lang/ClassNotFoundException': org/gradle/api/AntBuilderCustomizer> (0x00000000e1ca00f8) thrown at [D:\src\AOSP-openjdk-cygwin\jdk8u\hotspot\src\share\vm\classfile\systemDictionary.cpp, line 210]
Event: 6.724 Thread 0x000000001b033800 Exception <a 'java/lang/ClassNotFoundException': org/gradle/api/internal/project/ant/BasicAntBuilderCustomizer> (0x00000000e1cdc460) thrown at [D:\src\AOSP-openjdk-cygwin\jdk8u\hotspot\src\share\vm\classfile\systemDictionary.cpp, line 210]
Event: 6.725 Thread 0x000000001b033800 Exception <a 'java/lang/ClassNotFoundException': org/gradle/api/internal/project/DefaultAntBuilderCustomizer> (0x00000000e1d1f548) thrown at [D:\src\AOSP-openjdk-cygwin\jdk8u\hotspot\src\share\vm\classfile\systemDictionary.cpp, line 210]
Event: 7.332 Thread 0x000000001b033800 Implicit null exception at 0x00000000044feee8 to 0x00000000044ff021
Event: 7.485 Thread 0x000000001b033800 Exception <a 'java/lang/ClassNotFoundException': com/android/build/gradle/internal/api/DefaultAndroidSourceSet_DecoratedBeanInfo> (0x00000000e1636548) thrown at [D:\src\AOSP-openjdk-cygwin\jdk8u\hotspot\src\share\vm\classfile\systemDictionary.cpp, line 21
Event: 7.485 Thread 0x000000001b033800 Exception <a 'java/lang/ClassNotFoundException': com/android/build/gradle/internal/api/DefaultAndroidSourceSetBeanInfo> (0x00000000e164d730) thrown at [D:\src\AOSP-openjdk-cygwin\jdk8u\hotspot\src\share\vm\classfile\systemDictionary.cpp, line 210]
Event: 7.485 Thread 0x000000001b033800 Exception <a 'java/lang/ClassNotFoundException': com/android/build/gradle/internal/api/DefaultAndroidSourceSetCustomizer> (0x00000000e1664cf8) thrown at [D:\src\AOSP-openjdk-cygwin\jdk8u\hotspot\src\share\vm\classfile\systemDictionary.cpp, line 210]
Event: 7.486 Thread 0x000000001b033800 Exception <a 'java/lang/ClassNotFoundException': com/android/build/gradle/internal/api/DefaultAndroidSourceSet_DecoratedCustomizer> (0x00000000e16bfdd8) thrown at [D:\src\AOSP-openjdk-cygwin\jdk8u\hotspot\src\share\vm\classfile\systemDictionary.cpp, line 

Events (10 events):
Event: 7.554 loading class sun/security/provider/DSA done
Event: 7.554 loading class sun/security/provider/DSA$SHA1withDSA done
Event: 7.554 loading class java/security/interfaces/DSAParams
Event: 7.554 loading class java/security/interfaces/DSAParams done
Event: 7.554 loading class java/security/spec/DSAParameterSpec
Event: 7.554 loading class java/security/spec/AlgorithmParameterSpec
Event: 7.554 loading class java/security/spec/AlgorithmParameterSpec done
Event: 7.554 loading class java/security/spec/DSAParameterSpec done
Event: 7.555 loading class java/math/SignedMutableBigInteger
Event: 7.555 loading class java/math/SignedMutableBigInteger done


Dynamic libraries:
0x00007ff750230000 - 0x00007ff750261000 	C:\Program Files\Android\Android Studio\jre\bin\java.exe
0x00007fffdfa90000 - 0x00007fffdfc70000 	C:\Windows\SYSTEM32\ntdll.dll
0x00007fffde070000 - 0x00007fffde11e000 	C:\Windows\System32\KERNEL32.DLL
0x00007fffdc250000 - 0x00007fffdc4b6000 	C:\Windows\System32\KERNELBASE.dll
0x00007fffdd6d0000 - 0x00007fffdd771000 	C:\Windows\System32\ADVAPI32.dll
0x00007fffde2c0000 - 0x00007fffde35d000 	C:\Windows\System32\msvcrt.dll
0x00007fffde380000 - 0x00007fffde3db000 	C:\Windows\System32\sechost.dll
0x00007fffdd820000 - 0x00007fffdd93f000 	C:\Windows\System32\RPCRT4.dll
0x00007fffdcf60000 - 0x00007fffdd0ef000 	C:\Windows\System32\USER32.dll
0x00007fffdcf40000 - 0x00007fffdcf60000 	C:\Windows\System32\win32u.dll
0x00007fffdd240000 - 0x00007fffdd268000 	C:\Windows\System32\GDI32.dll
0x00007fffdc0b0000 - 0x00007fffdc243000 	C:\Windows\System32\gdi32full.dll
0x00007fffdbe90000 - 0x00007fffdbf2b000 	C:\Windows\System32\msvcp_win.dll
0x00007fffdbf30000 - 0x00007fffdc026000 	C:\Windows\System32\ucrtbase.dll
0x00007fffcfc30000 - 0x00007fffcfe99000 	C:\Windows\WinSxS\amd64_microsoft.windows.common-controls_6595b64144ccf1df_6.0.16299.192_none_15c8cdae9364c23b\COMCTL32.dll
0x00007fffdd940000 - 0x00007fffddc48000 	C:\Windows\System32\combase.dll
0x00007fffdc030000 - 0x00007fffdc0a2000 	C:\Windows\System32\bcryptPrimitives.dll
0x00007fffddc60000 - 0x00007fffddc8d000 	C:\Windows\System32\IMM32.DLL
0x0000000058620000 - 0x00000000586f2000 	C:\Program Files\Android\Android Studio\jre\jre\bin\msvcr100.dll
0x0000000056e20000 - 0x000000005765e000 	C:\Program Files\Android\Android Studio\jre\jre\bin\server\jvm.dll
0x00007fffde120000 - 0x00007fffde128000 	C:\Windows\System32\PSAPI.DLL
0x00007fffd6150000 - 0x00007fffd615a000 	C:\Windows\SYSTEM32\VERSION.dll
0x00007fffd8c20000 - 0x00007fffd8c43000 	C:\Windows\SYSTEM32\WINMM.dll
0x00007fffc65e0000 - 0x00007fffc65e9000 	C:\Windows\SYSTEM32\WSOCK32.dll
0x00007fffde000000 - 0x00007fffde06c000 	C:\Windows\System32\WS2_32.dll
0x00007fffd8bc0000 - 0x00007fffd8bea000 	C:\Windows\SYSTEM32\winmmbase.dll
0x00007fffdc7a0000 - 0x00007fffdc7ea000 	C:\Windows\System32\cfgmgr32.dll
0x00007fffd3eb0000 - 0x00007fffd3ebf000 	C:\Program Files\Android\Android Studio\jre\jre\bin\verify.dll
0x00007fffc7dc0000 - 0x00007fffc7de9000 	C:\Program Files\Android\Android Studio\jre\jre\bin\java.dll
0x00007fffcefb0000 - 0x00007fffcefc6000 	C:\Program Files\Android\Android Studio\jre\jre\bin\zip.dll
0x00007fffde620000 - 0x00007fffdfa56000 	C:\Windows\System32\SHELL32.dll
0x00007fffde3e0000 - 0x00007fffde486000 	C:\Windows\System32\shcore.dll
0x00007fffdc7f0000 - 0x00007fffdcf37000 	C:\Windows\System32\windows.storage.dll
0x00007fffde490000 - 0x00007fffde4e1000 	C:\Windows\System32\shlwapi.dll
0x00007fffdbe20000 - 0x00007fffdbe31000 	C:\Windows\System32\kernel.appcore.dll
0x00007fffdbe40000 - 0x00007fffdbe8c000 	C:\Windows\System32\powrprof.dll
0x00007fffdbe00000 - 0x00007fffdbe1b000 	C:\Windows\System32\profapi.dll
0x00007fffced00000 - 0x00007fffced1a000 	C:\Program Files\Android\Android Studio\jre\jre\bin\net.dll
0x00007fffdb670000 - 0x00007fffdb6d6000 	C:\Windows\system32\mswsock.dll
0x00007fffcda20000 - 0x00007fffcda31000 	C:\Program Files\Android\Android Studio\jre\jre\bin\nio.dll
0x00007fffb9c00000 - 0x00007fffb9c1e000 	C:\Users\Ahriman\.gradle\native\25\windows-amd64\native-platform.dll
0x00007fffd3dd0000 - 0x00007fffd3ddd000 	C:\Program Files\Android\Android Studio\jre\jre\bin\management.dll
0x00007fffdb830000 - 0x00007fffdb847000 	C:\Windows\SYSTEM32\CRYPTSP.dll
0x00007fffdb280000 - 0x00007fffdb2b3000 	C:\Windows\system32\rsaenh.dll
0x00007fffdb940000 - 0x00007fffdb965000 	C:\Windows\SYSTEM32\bcrypt.dll
0x00007fffdbce0000 - 0x00007fffdbd09000 	C:\Windows\SYSTEM32\USERENV.dll
0x00007fffdb850000 - 0x00007fffdb85b000 	C:\Windows\SYSTEM32\CRYPTBASE.dll
0x00007fffdb400000 - 0x00007fffdb439000 	C:\Windows\SYSTEM32\IPHLPAPI.DLL
0x00007fffddc50000 - 0x00007fffddc58000 	C:\Windows\System32\NSI.dll
0x00007fffd6130000 - 0x00007fffd6146000 	C:\Windows\SYSTEM32\dhcpcsvc6.DLL
0x00007fffd6110000 - 0x00007fffd612a000 	C:\Windows\SYSTEM32\dhcpcsvc.DLL

VM Arguments:
jvm_args: -Xmx1536m -Dfile.encoding=windows-1252 -Duser.country=ES -Duser.language=es -Duser.variant 
java_command: org.gradle.launcher.daemon.bootstrap.GradleDaemon 4.1
java_class_path (initial): C:\Users\Ahriman\.gradle\wrapper\dists\gradle-4.1-all\bzyivzo6n839fup2jbap0tjew\gradle-4.1\lib\gradle-launcher-4.1.jar
Launcher Type: SUN_STANDARD

Environment Variables:
PATH=C:\Python27\;C:\Python27\Scripts;C:\ProgramData\Oracle\Java\javapath;C:\Windows\system32;C:\Windows;C:\Windows\System32\Wbem;C:\Windows\System32\WindowsPowerShell\v1.0\;C:\Program Files (x86)\NVIDIA Corporation\PhysX\Common;C:\Program Files\Calibre2\;C:\Users\Ahriman\AppData\Local\Microsoft\WindowsApps;C:\Users\Ahriman\AppData\Local\atom\bin
USERNAME=Ahriman
OS=Windows_NT
PROCESSOR_IDENTIFIER=Intel64 Family 6 Model 58 Stepping 9, GenuineIntel



---------------  S Y S T E M  ---------------

OS: Windows 10.0 , 64 bit Build 16299 (10.0.16299.15)

CPU:total 4 (initial active 4) (4 cores per cpu, 1 threads per core) family 6 model 58 stepping 9, cmov, cx8, fxsr, mmx, sse, sse2, sse3, ssse3, sse4.1, sse4.2, popcnt, avx, aes, clmul, erms, tsc, tscinvbit, tscinv

Memory: 4k page, physical 8324280k(1752600k free), swap 8324280k(5672k free)

vm_info: OpenJDK 64-Bit Server VM (25.152-b01) for windows-amd64 JRE (1.8.0_152-release-915-b01), built by "builder" with MS VC++ 10.0 (VS2010)

time: Wed Feb 07 19:31:23 2018
elapsed time: 7 seconds (0d 0h 0m 7s)

